<?xml version="1.0" encoding="UTF-8" ?>
<testsuite tests="1" failures="1" name="sistema.testes.EnderecoTest" time="2.841" errors="0" skipped="0">
  <properties>
[...]
</properties>
  <testcase classname="sistema.testes.EnderecoTest" name="criaEnderecoValidoTeste" time="2.777">
    <failure type="java.lang.AssertionError">java.lang.AssertionError
	at org.junit.Assert.fail(Assert.java:86)
	at org.junit.Assert.assertTrue(Assert.java:41)
	at org.junit.Assert.assertNotNull(Assert.java:621)
	at org.junit.Assert.assertNotNull(Assert.java:631)
	at sistema.testes.EnderecoTest.criaEnderecoValidoTeste(EnderecoTest.java:96)
	at sun.reflect.NativeMethodAccessorImpl.invoke0(Native Method)
	at sun.reflect.NativeMethodAccessorImpl.invoke(NativeMethodAccessorImpl.java:62)
	at sun.reflect.DelegatingMethodAccessorImpl.invoke(DelegatingMethodAccessorImpl.java:43)
	at java.lang.reflect.Method.invoke(Method.java:498)
	at org.junit.runners.model.FrameworkMethod$1.runReflectiveCall(FrameworkMethod.java:47)
	at org.junit.internal.runners.model.ReflectiveCallable.run(ReflectiveCallable.java:12)
	at org.junit.runners.model.FrameworkMethod.invokeExplosively(FrameworkMethod.java:44)
	at org.junit.internal.runners.statements.InvokeMethod.evaluate(InvokeMethod.java:17)
	at org.junit.internal.runners.statements.RunBefores.evaluate(RunBefores.java:26)
	at org.junit.internal.runners.statements.RunAfters.evaluate(RunAfters.java:27)
	at org.junit.runners.ParentRunner.runLeaf(ParentRunner.java:271)
	at org.junit.runners.BlockJUnit4ClassRunner.runChild(BlockJUnit4ClassRunner.java:70)
	at org.junit.runners.BlockJUnit4ClassRunner.runChild(BlockJUnit4ClassRunner.java:50)
	at org.junit.runners.ParentRunner$3.run(ParentRunner.java:238)
	at org.junit.runners.ParentRunner$1.schedule(ParentRunner.java:63)
	at org.junit.runners.ParentRunner.runChildren(ParentRunner.java:236)
	at org.junit.runners.ParentRunner.access$000(ParentRunner.java:53)
	at org.junit.runners.ParentRunner$2.evaluate(ParentRunner.java:229)
	at org.junit.internal.runners.statements.RunBefores.evaluate(RunBefores.java:26)
	at org.junit.internal.runners.statements.RunAfters.evaluate(RunAfters.java:27)
	at org.junit.runners.ParentRunner.run(ParentRunner.java:309)
	at org.apache.maven.surefire.junit4.JUnit4TestSet.execute(JUnit4TestSet.java:53)
	at org.apache.maven.surefire.junit4.JUnit4Provider.executeTestSet(JUnit4Provider.java:123)
	at org.apache.maven.surefire.junit4.JUnit4Provider.invoke(JUnit4Provider.java:104)
	at sun.reflect.NativeMethodAccessorImpl.invoke0(Native Method)
	at sun.reflect.NativeMethodAccessorImpl.invoke(NativeMethodAccessorImpl.java:62)
	at sun.reflect.DelegatingMethodAccessorImpl.invoke(DelegatingMethodAccessorImpl.java:43)
	at java.lang.reflect.Method.invoke(Method.java:498)
	at org.apache.maven.surefire.util.ReflectionUtils.invokeMethodWithArray(ReflectionUtils.java:164)
	at org.apache.maven.surefire.booter.ProviderFactory$ProviderProxy.invoke(ProviderFactory.java:110)
	at org.apache.maven.surefire.booter.SurefireStarter.invokeProvider(SurefireStarter.java:175)
	at org.apache.maven.surefire.booter.SurefireStarter.runSuitesInProcessWhenForked(SurefireStarter.java:107)
	at org.apache.maven.surefire.booter.ForkedBooter.main(ForkedBooter.java:68)
</failure>
    <system-out>[EL Config]: metadata: 2017-05-04 14:54:23.559--ServerSession(1684015092)--Thread(Thread[main,5,main])--The target entity (reference) class for the one to one mapping element [field endereco] is being defaulted to: class com.sistema.model.Endereco.
[EL Config]: metadata: 2017-05-04 14:54:23.569--ServerSession(1684015092)--Thread(Thread[main,5,main])--The target entity (reference) class for the one to many mapping element [field listaConsultaGeral] is being defaulted to: class com.sistema.model.ConsultaGeral.
[EL Config]: metadata: 2017-05-04 14:54:23.57--ServerSession(1684015092)--Thread(Thread[main,5,main])--The target entity (reference) class for the many to one mapping element [field exame] is being defaulted to: class com.sistema.model.Exame.
[EL Config]: metadata: 2017-05-04 14:54:23.57--ServerSession(1684015092)--Thread(Thread[main,5,main])--The target entity (reference) class for the many to one mapping element [field veterinario] is being defaulted to: class com.sistema.model.Veterinario.
[EL Config]: metadata: 2017-05-04 14:54:23.57--ServerSession(1684015092)--Thread(Thread[main,5,main])--The target entity (reference) class for the many to one mapping element [field pet] is being defaulted to: class com.sistema.model.Pet.
[EL Config]: metadata: 2017-05-04 14:54:23.571--ServerSession(1684015092)--Thread(Thread[main,5,main])--The access type for the persistent class [class com.sistema.model.Veterinario] is set to [FIELD].
[EL Config]: metadata: 2017-05-04 14:54:23.572--ServerSession(1684015092)--Thread(Thread[main,5,main])--The target entity (reference) class for the one to many mapping element [field ListaConsultaMedica] is being defaulted to: class com.sistema.model.ConsultaMedica.
[EL Config]: metadata: 2017-05-04 14:54:23.572--ServerSession(1684015092)--Thread(Thread[main,5,main])--The target entity (reference) class for the many to one mapping element [field cliente] is being defaulted to: class com.sistema.model.Cliente.
[EL Config]: metadata: 2017-05-04 14:54:23.574--ServerSession(1684015092)--Thread(Thread[main,5,main])--The target entity (reference) class for the one to many mapping element [field listaConsultaGeral] is being defaulted to: class com.sistema.model.ConsultaGeral.
[EL Config]: metadata: 2017-05-04 14:54:23.574--ServerSession(1684015092)--Thread(Thread[main,5,main])--The access type for the persistent class [class com.sistema.model.Pet] is set to [FIELD].
[EL Config]: metadata: 2017-05-04 14:54:23.574--ServerSession(1684015092)--Thread(Thread[main,5,main])--The target entity (reference) class for the many to one mapping element [field cliente] is being defaulted to: class com.sistema.model.Cliente.
[EL Config]: metadata: 2017-05-04 14:54:23.575--ServerSession(1684015092)--Thread(Thread[main,5,main])--The target entity (reference) class for the one to many mapping element [field ListaConsultaMedica] is being defaulted to: class com.sistema.model.ConsultaMedica.
[EL Config]: metadata: 2017-05-04 14:54:23.576--ServerSession(1684015092)--Thread(Thread[main,5,main])--The target entity (reference) class for the many to one mapping element [field funcionario] is being defaulted to: class com.sistema.model.Funcionario.
[EL Config]: metadata: 2017-05-04 14:54:23.576--ServerSession(1684015092)--Thread(Thread[main,5,main])--The target entity (reference) class for the many to one mapping element [field servico] is being defaulted to: class com.sistema.model.Servico.
[EL Config]: metadata: 2017-05-04 14:54:23.576--ServerSession(1684015092)--Thread(Thread[main,5,main])--The target entity (reference) class for the one to many mapping element [field listaConsultaMedica] is being defaulted to: class com.sistema.model.ConsultaMedica.
[EL Config]: metadata: 2017-05-04 14:54:23.577--ServerSession(1684015092)--Thread(Thread[main,5,main])--The target entity (reference) class for the one to many mapping element [field cartao] is being defaulted to: class com.sistema.model.Cartao.
[EL Config]: metadata: 2017-05-04 14:54:23.577--ServerSession(1684015092)--Thread(Thread[main,5,main])--The target entity (reference) class for the one to many mapping element [field listaPet] is being defaulted to: class com.sistema.model.Pet.
[EL Config]: metadata: 2017-05-04 14:54:23.578--ServerSession(1684015092)--Thread(Thread[main,5,main])--The target entity (reference) class for the one to one mapping element [field usuario] is being defaulted to: class com.sistema.model.Usuario.
[EL Config]: metadata: 2017-05-04 14:54:23.579--ServerSession(1684015092)--Thread(Thread[main,5,main])--The alias name for the entity class [class com.sistema.model.Consulta] is being defaulted to: Consulta.
[EL Config]: metadata: 2017-05-04 14:54:23.602--ServerSession(1684015092)--Thread(Thread[main,5,main])--The alias name for the entity class [class com.sistema.model.Funcionario] is being defaulted to: Funcionario.
[EL Config]: metadata: 2017-05-04 14:54:23.602--ServerSession(1684015092)--Thread(Thread[main,5,main])--The alias name for the entity class [class com.sistema.model.Usuario] is being defaulted to: Usuario.
[EL Config]: metadata: 2017-05-04 14:54:23.603--ServerSession(1684015092)--Thread(Thread[main,5,main])--The alias name for the entity class [class com.sistema.model.ConsultaMedica] is being defaulted to: ConsultaMedica.
[EL Config]: metadata: 2017-05-04 14:54:23.604--ServerSession(1684015092)--Thread(Thread[main,5,main])--The alias name for the entity class [class com.sistema.model.Veterinario] is being defaulted to: Veterinario.
[EL Config]: metadata: 2017-05-04 14:54:23.604--ServerSession(1684015092)--Thread(Thread[main,5,main])--The alias name for the entity class [class com.sistema.model.Cartao] is being defaulted to: Cartao.
[EL Config]: metadata: 2017-05-04 14:54:23.604--ServerSession(1684015092)--Thread(Thread[main,5,main])--The alias name for the entity class [class com.sistema.model.Servico] is being defaulted to: Servico.
[EL Config]: metadata: 2017-05-04 14:54:23.605--ServerSession(1684015092)--Thread(Thread[main,5,main])--The alias name for the entity class [class com.sistema.model.Pet] is being defaulted to: Pet.
[EL Config]: metadata: 2017-05-04 14:54:23.605--ServerSession(1684015092)--Thread(Thread[main,5,main])--The alias name for the entity class [class com.sistema.model.ConsultaGeral] is being defaulted to: ConsultaGeral.
[EL Config]: metadata: 2017-05-04 14:54:23.605--ServerSession(1684015092)--Thread(Thread[main,5,main])--The alias name for the entity class [class com.sistema.model.Exame] is being defaulted to: Exame.
[EL Config]: metadata: 2017-05-04 14:54:23.606--ServerSession(1684015092)--Thread(Thread[main,5,main])--The alias name for the entity class [class com.sistema.model.Cliente] is being defaulted to: Cliente.
[EL Config]: metadata: 2017-05-04 14:54:23.606--ServerSession(1684015092)--Thread(Thread[main,5,main])--The alias name for the entity class [class com.sistema.model.Endereco] is being defaulted to: Endereco.
[EL Info]: 2017-05-04 14:54:25.757--ServerSession(1684015092)--Thread(Thread[main,5,main])--EclipseLink, version: Eclipse Persistence Services - 2.5.2.v20140319-9ad6abd
[EL Fine]: connection: 2017-05-04 14:54:25.769--Thread(Thread[main,5,main])--Detected database platform: org.eclipse.persistence.platform.database.MySQLPlatform
[EL Config]: connection: 2017-05-04 14:54:25.779--ServerSession(1684015092)--Connection(2060569250)--Thread(Thread[main,5,main])--connecting(DatabaseLogin(
	platform=&gt;MySQLPlatform
	user name=&gt; &quot;root&quot;
	datasource URL=&gt; &quot;jdbc:mysql://localhost:3306/sistemapet?zeroDateTimeBehavior=convertToNull&quot;
))
[EL Config]: connection: 2017-05-04 14:54:25.785--ServerSession(1684015092)--Connection(1054035701)--Thread(Thread[main,5,main])--Connected: jdbc:mysql://localhost:3306/sistemapet?zeroDateTimeBehavior=convertToNull
	User: root@localhost
	Database: MySQL  Version: 5.7.18-log
	Driver: MySQL Connector Java  Version: mysql-connector-java-5.1.34 ( Revision: jess.balint@oracle.com-20141014163213-wqbwpf1ok2kvo1om )
[EL Warning]: metadata: 2017-05-04 14:54:25.794--ServerSession(1684015092)--Thread(Thread[main,5,main])--Reverting the lazy setting on the OneToOne or ManyToOne attribute [usuario] for the entity class [class com.sistema.model.Endereco] since weaving was not enabled or did not occur.
[EL Warning]: metadata: 2017-05-04 14:54:25.796--ServerSession(1684015092)--Thread(Thread[main,5,main])--Reverting the lazy setting on the OneToOne or ManyToOne attribute [endereco] for the entity class [class com.sistema.model.Usuario] since weaving was not enabled or did not occur.
[EL Warning]: metadata: 2017-05-04 14:54:25.812--ServerSession(1684015092)--Thread(Thread[main,5,main])--Reverting the lazy setting on the OneToOne or ManyToOne attribute [cliente] for the entity class [class com.sistema.model.Pet] since weaving was not enabled or did not occur.
[EL Warning]: metadata: 2017-05-04 14:54:25.812--ServerSession(1684015092)--Thread(Thread[main,5,main])--Reverting the lazy setting on the OneToOne or ManyToOne attribute [funcionario] for the entity class [class com.sistema.model.ConsultaGeral] since weaving was not enabled or did not occur.
[EL Warning]: metadata: 2017-05-04 14:54:25.813--ServerSession(1684015092)--Thread(Thread[main,5,main])--Reverting the lazy setting on the OneToOne or ManyToOne attribute [servico] for the entity class [class com.sistema.model.ConsultaGeral] since weaving was not enabled or did not occur.
[EL Warning]: metadata: 2017-05-04 14:54:25.814--ServerSession(1684015092)--Thread(Thread[main,5,main])--Reverting the lazy setting on the OneToOne or ManyToOne attribute [exame] for the entity class [class com.sistema.model.ConsultaMedica] since weaving was not enabled or did not occur.
[EL Warning]: metadata: 2017-05-04 14:54:25.815--ServerSession(1684015092)--Thread(Thread[main,5,main])--Reverting the lazy setting on the OneToOne or ManyToOne attribute [veterinario] for the entity class [class com.sistema.model.ConsultaMedica] since weaving was not enabled or did not occur.
[EL Warning]: metadata: 2017-05-04 14:54:25.815--ServerSession(1684015092)--Thread(Thread[main,5,main])--Reverting the lazy setting on the OneToOne or ManyToOne attribute [pet] for the entity class [class com.sistema.model.ConsultaMedica] since weaving was not enabled or did not occur.
[EL Warning]: metadata: 2017-05-04 14:54:25.815--ServerSession(1684015092)--Thread(Thread[main,5,main])--Reverting the lazy setting on the OneToOne or ManyToOne attribute [cliente] for the entity class [class com.sistema.model.Cartao] since weaving was not enabled or did not occur.
[EL Info]: connection: 2017-05-04 14:54:25.866--ServerSession(1684015092)--Thread(Thread[main,5,main])--file:/C:/Users/jonathanpereira/Documents/SourceTree/Projetos Facul/Projeto/sistemaPetShop/target/classes/_sistemapetshopPU login successful
[EL Fine]: sql: 2017-05-04 14:54:25.933--ClientSession(1057064084)--Connection(1054035701)--Thread(Thread[main,5,main])--INSERT INTO tb_endereco (str_bairro, str_cep, str_complemento, str_logradouro, int_numero) VALUES (?, ?, ?, ?, ?)
	bind =&gt; [Aquele Bairro, 12345678, Perto daquele Restaurante, Avenida, 123]
[EL Fine]: sql: 2017-05-04 14:54:25.936--ClientSession(1057064084)--Connection(1054035701)--Thread(Thread[main,5,main])--SELECT LAST_INSERT_ID()
[EL Fine]: sql: 2017-05-04 14:54:25.939--ClientSession(1057064084)--Connection(1054035701)--Thread(Thread[main,5,main])--INSERT INTO tb_usuario (str_email, str_login, str_nome, str_senha, fk_endereco, disc_usuario) VALUES (?, ?, ?, ?, ?, ?)
	bind =&gt; [cliente@cli.com, Cliente, Cliente cli, cliente123, 7, cli]
[EL Fine]: sql: 2017-05-04 14:54:25.94--ClientSession(1057064084)--Connection(1054035701)--Thread(Thread[main,5,main])--SELECT LAST_INSERT_ID()
[EL Fine]: sql: 2017-05-04 14:54:25.941--ClientSession(1057064084)--Connection(1054035701)--Thread(Thread[main,5,main])--INSERT INTO tb_cliente (id_cliente) VALUES (?)
	bind =&gt; [10]
</system-out>
    <system-err>mai 04, 2017 2:54:25 PM org.hibernate.validator.internal.util.Version &lt;clinit&gt;
INFO: HV000001: Hibernate Validator 5.1.3.Final
</system-err>
  </testcase>
</testsuite>