<?xml version="1.0" encoding="UTF-8" ?>
<testsuite tests="11" failures="1" name="sistema.testes.PetTest" time="24.761" errors="1" skipped="0">
  <properties>
[...]
</properties>
  <testcase classname="sistema.testes.PetTest" name="criaPetValidotest" time="4.232"/>
  <testcase classname="sistema.testes.PetTest" name="atualizaPetQueryTeste" time="1.392">
    <failure message="expected:&lt;[Novo Pet]&gt; but was:&lt;[Mia]&gt;" type="org.junit.ComparisonFailure">org.junit.ComparisonFailure: expected:&lt;[Novo Pet]&gt; but was:&lt;[Mia]&gt;
	at org.junit.Assert.assertEquals(Assert.java:115)
	at org.junit.Assert.assertEquals(Assert.java:144)
	at sistema.testes.PetTest.atualizaPetQueryTeste(PetTest.java:245)
	at sun.reflect.NativeMethodAccessorImpl.invoke0(Native Method)
	at sun.reflect.NativeMethodAccessorImpl.invoke(NativeMethodAccessorImpl.java:62)
	at sun.reflect.DelegatingMethodAccessorImpl.invoke(DelegatingMethodAccessorImpl.java:43)
	at java.lang.reflect.Method.invoke(Method.java:497)
	at org.junit.runners.model.FrameworkMethod$1.runReflectiveCall(FrameworkMethod.java:47)
	at org.junit.internal.runners.model.ReflectiveCallable.run(ReflectiveCallable.java:12)
	at org.junit.runners.model.FrameworkMethod.invokeExplosively(FrameworkMethod.java:44)
	at org.junit.internal.runners.statements.InvokeMethod.evaluate(InvokeMethod.java:17)
	at org.junit.internal.runners.statements.RunBefores.evaluate(RunBefores.java:26)
	at org.junit.internal.runners.statements.RunAfters.evaluate(RunAfters.java:27)
	at org.junit.runners.ParentRunner.runLeaf(ParentRunner.java:271)
	at org.junit.runners.BlockJUnit4ClassRunner.runChild(BlockJUnit4ClassRunner.java:70)
	at org.junit.runners.BlockJUnit4ClassRunner.runChild(BlockJUnit4ClassRunner.java:50)
	at org.junit.runners.ParentRunner$3.run(ParentRunner.java:238)
	at org.junit.runners.ParentRunner$1.schedule(ParentRunner.java:63)
	at org.junit.runners.ParentRunner.runChildren(ParentRunner.java:236)
	at org.junit.runners.ParentRunner.access$000(ParentRunner.java:53)
	at org.junit.runners.ParentRunner$2.evaluate(ParentRunner.java:229)
	at org.junit.internal.runners.statements.RunBefores.evaluate(RunBefores.java:26)
	at org.junit.internal.runners.statements.RunAfters.evaluate(RunAfters.java:27)
	at org.junit.runners.ParentRunner.run(ParentRunner.java:309)
	at org.apache.maven.surefire.junit4.JUnit4TestSet.execute(JUnit4TestSet.java:53)
	at org.apache.maven.surefire.junit4.JUnit4Provider.executeTestSet(JUnit4Provider.java:123)
	at org.apache.maven.surefire.junit4.JUnit4Provider.invoke(JUnit4Provider.java:104)
	at sun.reflect.NativeMethodAccessorImpl.invoke0(Native Method)
	at sun.reflect.NativeMethodAccessorImpl.invoke(NativeMethodAccessorImpl.java:62)
	at sun.reflect.DelegatingMethodAccessorImpl.invoke(DelegatingMethodAccessorImpl.java:43)
	at java.lang.reflect.Method.invoke(Method.java:497)
	at org.apache.maven.surefire.util.ReflectionUtils.invokeMethodWithArray(ReflectionUtils.java:164)
	at org.apache.maven.surefire.booter.ProviderFactory$ProviderProxy.invoke(ProviderFactory.java:110)
	at org.apache.maven.surefire.booter.SurefireStarter.invokeProvider(SurefireStarter.java:175)
	at org.apache.maven.surefire.booter.SurefireStarter.runSuitesInProcessWhenForked(SurefireStarter.java:107)
	at org.apache.maven.surefire.booter.ForkedBooter.main(ForkedBooter.java:68)
</failure>
    <system-out>[EL Fine]: sql: 2017-06-17 10:34:18.132--ClientSession(487553999)--Connection(1051927339)--Thread(Thread[main,5,main])--UPDATE tb_pet SET str_nome = ? WHERE (id_pet &lt;= ?)
	bind =&gt; [Novo Pet, 2]
</system-out>
  </testcase>
  <testcase classname="sistema.testes.PetTest" name="atualizaPetValidoTest" time="2.352"/>
  <testcase classname="sistema.testes.PetTest" name="deletaPetEmTest" time="1.992"/>
  <testcase classname="sistema.testes.PetTest" name="selectNativeNamedQueryTeste" time="1.416"/>
  <testcase classname="sistema.testes.PetTest" name="criaPetInvalidoTest" time="2.401"/>
  <testcase classname="sistema.testes.PetTest" name="deletaPetQuerytTeste" time="2.144">
    <error message="
Exception Description: The class of the argument for the object comparison is incorrect. 
Expression: [
Base com.sistema.model.ConsultaGeral] 
Mapping: [org.eclipse.persistence.mappings.ManyToOneMapping[servico]] 
Argument: [3]
Query: DeleteAllQuery(referenceClass=ConsultaGeral jpql=&quot;delete from ConsultaGeral cong where cong.servico = 3&quot;)" type="Local Exception Stack">Local Exception Stack: 
Exception [EclipseLink-6078] (Eclipse Persistence Services - 2.5.2.v20140319-9ad6abd): org.eclipse.persistence.exceptions.QueryException
Exception Description: The class of the argument for the object comparison is incorrect. 
Expression: [
Base com.sistema.model.ConsultaGeral] 
Mapping: [org.eclipse.persistence.mappings.ManyToOneMapping[servico]] 
Argument: [3]
Query: DeleteAllQuery(referenceClass=ConsultaGeral jpql=&quot;delete from ConsultaGeral cong where cong.servico = 3&quot;)
	at org.eclipse.persistence.exceptions.QueryException.incorrectClassForObjectComparison(QueryException.java:601)
	at org.eclipse.persistence.mappings.OneToOneMapping.buildObjectJoinExpression(OneToOneMapping.java:298)
	at org.eclipse.persistence.internal.expressions.RelationExpression.normalize(RelationExpression.java:830)
	at org.eclipse.persistence.internal.expressions.CompoundExpression.normalize(CompoundExpression.java:224)
	at org.eclipse.persistence.internal.expressions.SQLSelectStatement.normalize(SQLSelectStatement.java:1449)
	at org.eclipse.persistence.internal.queries.ExpressionQueryMechanism.buildReportQuerySelectStatement(ExpressionQueryMechanism.java:641)
	at org.eclipse.persistence.internal.queries.ExpressionQueryMechanism.createSQLSelectStatementForModifyAll(ExpressionQueryMechanism.java:1590)
	at org.eclipse.persistence.internal.queries.ExpressionQueryMechanism.createSQLSelectStatementForModifyAll(ExpressionQueryMechanism.java:1566)
	at org.eclipse.persistence.internal.queries.ExpressionQueryMechanism.prepareDeleteAll(ExpressionQueryMechanism.java:1220)
	at org.eclipse.persistence.internal.queries.ExpressionQueryMechanism.prepareDeleteAll(ExpressionQueryMechanism.java:1145)
	at org.eclipse.persistence.queries.DeleteAllQuery.prepare(DeleteAllQuery.java:271)
	at org.eclipse.persistence.queries.DatabaseQuery.checkPrepare(DatabaseQuery.java:661)
	at org.eclipse.persistence.queries.DatabaseQuery.checkPrepare(DatabaseQuery.java:613)
	at org.eclipse.persistence.internal.jpa.EJBQueryImpl.buildEJBQLDatabaseQuery(EJBQueryImpl.java:194)
	at org.eclipse.persistence.internal.jpa.EJBQueryImpl.buildEJBQLDatabaseQuery(EJBQueryImpl.java:116)
	at org.eclipse.persistence.internal.jpa.EJBQueryImpl.&lt;init&gt;(EJBQueryImpl.java:102)
	at org.eclipse.persistence.internal.jpa.EJBQueryImpl.&lt;init&gt;(EJBQueryImpl.java:86)
	at org.eclipse.persistence.internal.jpa.EntityManagerImpl.createQuery(EntityManagerImpl.java:1603)
	at sistema.testes.PetTest.deletaPetQuerytTeste(PetTest.java:254)
	at sun.reflect.NativeMethodAccessorImpl.invoke0(Native Method)
	at sun.reflect.NativeMethodAccessorImpl.invoke(NativeMethodAccessorImpl.java:62)
	at sun.reflect.DelegatingMethodAccessorImpl.invoke(DelegatingMethodAccessorImpl.java:43)
	at java.lang.reflect.Method.invoke(Method.java:497)
	at org.junit.runners.model.FrameworkMethod$1.runReflectiveCall(FrameworkMethod.java:47)
	at org.junit.internal.runners.model.ReflectiveCallable.run(ReflectiveCallable.java:12)
	at org.junit.runners.model.FrameworkMethod.invokeExplosively(FrameworkMethod.java:44)
	at org.junit.internal.runners.statements.InvokeMethod.evaluate(InvokeMethod.java:17)
	at org.junit.internal.runners.statements.RunBefores.evaluate(RunBefores.java:26)
	at org.junit.internal.runners.statements.RunAfters.evaluate(RunAfters.java:27)
	at org.junit.runners.ParentRunner.runLeaf(ParentRunner.java:271)
	at org.junit.runners.BlockJUnit4ClassRunner.runChild(BlockJUnit4ClassRunner.java:70)
	at org.junit.runners.BlockJUnit4ClassRunner.runChild(BlockJUnit4ClassRunner.java:50)
	at org.junit.runners.ParentRunner$3.run(ParentRunner.java:238)
	at org.junit.runners.ParentRunner$1.schedule(ParentRunner.java:63)
	at org.junit.runners.ParentRunner.runChildren(ParentRunner.java:236)
	at org.junit.runners.ParentRunner.access$000(ParentRunner.java:53)
	at org.junit.runners.ParentRunner$2.evaluate(ParentRunner.java:229)
	at org.junit.internal.runners.statements.RunBefores.evaluate(RunBefores.java:26)
	at org.junit.internal.runners.statements.RunAfters.evaluate(RunAfters.java:27)
	at org.junit.runners.ParentRunner.run(ParentRunner.java:309)
	at org.apache.maven.surefire.junit4.JUnit4TestSet.execute(JUnit4TestSet.java:53)
	at org.apache.maven.surefire.junit4.JUnit4Provider.executeTestSet(JUnit4Provider.java:123)
	at org.apache.maven.surefire.junit4.JUnit4Provider.invoke(JUnit4Provider.java:104)
	at sun.reflect.NativeMethodAccessorImpl.invoke0(Native Method)
	at sun.reflect.NativeMethodAccessorImpl.invoke(NativeMethodAccessorImpl.java:62)
	at sun.reflect.DelegatingMethodAccessorImpl.invoke(DelegatingMethodAccessorImpl.java:43)
	at java.lang.reflect.Method.invoke(Method.java:497)
	at org.apache.maven.surefire.util.ReflectionUtils.invokeMethodWithArray(ReflectionUtils.java:164)
	at org.apache.maven.surefire.booter.ProviderFactory$ProviderProxy.invoke(ProviderFactory.java:110)
	at org.apache.maven.surefire.booter.SurefireStarter.invokeProvider(SurefireStarter.java:175)
	at org.apache.maven.surefire.booter.SurefireStarter.runSuitesInProcessWhenForked(SurefireStarter.java:107)
	at org.apache.maven.surefire.booter.ForkedBooter.main(ForkedBooter.java:68)
</error>
    <system-out>ERROR: Transaction rolled back because transaction was set to RollbackOnly.
</system-out>
  </testcase>
  <testcase classname="sistema.testes.PetTest" name="selectJpqlQueryTeste" time="2.472"/>
  <testcase classname="sistema.testes.PetTest" name="atualizaPetInvalidoTest" time="2.752"/>
  <testcase classname="sistema.testes.PetTest" name="selectJpqlNamedQueryTeste" time="1.824"/>
  <testcase classname="sistema.testes.PetTest" name="selectNativeQueryTeste" time="1.776"/>
</testsuite>