<?xml version="1.0" encoding="UTF-8" ?>
<testsuite tests="11" failures="0" name="sistema.testes.VeterinarioTest" time="31.842" errors="1" skipped="0">
  <properties>
[...]
</properties>
  <testcase classname="sistema.testes.VeterinarioTest" name="atualizaVeterinarioValidoTeste" time="3.02"/>
  <testcase classname="sistema.testes.VeterinarioTest" name="criaVeterinarioValidoTeste" time="3.187"/>
  <testcase classname="sistema.testes.VeterinarioTest" name="atualizaVeterinarioInvalidoTeste" time="2.349"/>
  <testcase classname="sistema.testes.VeterinarioTest" name="deletaVeterinarioTeste" time="4.184"/>
  <testcase classname="sistema.testes.VeterinarioTest" name="selectSqlNativeQueryTeste" time="2.582"/>
  <testcase classname="sistema.testes.VeterinarioTest" name="selectJpqlQueryTeste" time="1.952"/>
  <testcase classname="sistema.testes.VeterinarioTest" name="criaVeterinarioInvalidoTeste" time="3.274"/>
  <testcase classname="sistema.testes.VeterinarioTest" name="deletaVeterinarioQueryTeste" time="2.862"/>
  <testcase classname="sistema.testes.VeterinarioTest" name="selectSqlNativeNamedQueryTeste" time="1.886">
    <error message="Exception [EclipseLink-6044] (Eclipse Persistence Services - 2.5.2.v20140319-9ad6abd): org.eclipse.persistence.exceptions.QueryException
Exception Description: The primary key read from the row [ArrayRecord(
	tb_Veterinario.id_veterinario =&gt; 3
	tb_Veterinario.str_crmv =&gt; 54214554
	tb_Veterinario.str_especialidade =&gt; Cardiaco)] during the execution of the query was detected to be null.  Primary keys must not contain null.
Query: ReadAllQuery(name=&quot;Veterinario.PorEspecialidade&quot; referenceClass=Veterinario sql=&quot;select id_veterinario, str_crmv, str_especialidade from sistemapet.tb_veterinario where str_especialidade like ? order by str_crmv;&quot;)" type="javax.persistence.PersistenceException">javax.persistence.PersistenceException: Exception [EclipseLink-6044] (Eclipse Persistence Services - 2.5.2.v20140319-9ad6abd): org.eclipse.persistence.exceptions.QueryException
Exception Description: The primary key read from the row [ArrayRecord(
	tb_Veterinario.id_veterinario =&gt; 3
	tb_Veterinario.str_crmv =&gt; 54214554
	tb_Veterinario.str_especialidade =&gt; Cardiaco)] during the execution of the query was detected to be null.  Primary keys must not contain null.
Query: ReadAllQuery(name=&quot;Veterinario.PorEspecialidade&quot; referenceClass=Veterinario sql=&quot;select id_veterinario, str_crmv, str_especialidade from sistemapet.tb_veterinario where str_especialidade like ? order by str_crmv;&quot;)
	at org.eclipse.persistence.internal.jpa.QueryImpl.getResultList(QueryImpl.java:480)
	at sistema.testes.VeterinarioTest.selectSqlNativeNamedQueryTeste(VeterinarioTest.java:190)
	at sun.reflect.NativeMethodAccessorImpl.invoke0(Native Method)
	at sun.reflect.NativeMethodAccessorImpl.invoke(NativeMethodAccessorImpl.java:62)
	at sun.reflect.DelegatingMethodAccessorImpl.invoke(DelegatingMethodAccessorImpl.java:43)
	at java.lang.reflect.Method.invoke(Method.java:497)
	at org.junit.runners.model.FrameworkMethod$1.runReflectiveCall(FrameworkMethod.java:47)
	at org.junit.internal.runners.model.ReflectiveCallable.run(ReflectiveCallable.java:12)
	at org.junit.runners.model.FrameworkMethod.invokeExplosively(FrameworkMethod.java:44)
	at org.junit.internal.runners.statements.InvokeMethod.evaluate(InvokeMethod.java:17)
	at org.junit.internal.runners.statements.RunBefores.evaluate(RunBefores.java:26)
	at org.junit.internal.runners.statements.RunAfters.evaluate(RunAfters.java:27)
	at org.junit.runners.ParentRunner.runLeaf(ParentRunner.java:271)
	at org.junit.runners.BlockJUnit4ClassRunner.runChild(BlockJUnit4ClassRunner.java:70)
	at org.junit.runners.BlockJUnit4ClassRunner.runChild(BlockJUnit4ClassRunner.java:50)
	at org.junit.runners.ParentRunner$3.run(ParentRunner.java:238)
	at org.junit.runners.ParentRunner$1.schedule(ParentRunner.java:63)
	at org.junit.runners.ParentRunner.runChildren(ParentRunner.java:236)
	at org.junit.runners.ParentRunner.access$000(ParentRunner.java:53)
	at org.junit.runners.ParentRunner$2.evaluate(ParentRunner.java:229)
	at org.junit.internal.runners.statements.RunBefores.evaluate(RunBefores.java:26)
	at org.junit.internal.runners.statements.RunAfters.evaluate(RunAfters.java:27)
	at org.junit.runners.ParentRunner.run(ParentRunner.java:309)
	at org.apache.maven.surefire.junit4.JUnit4TestSet.execute(JUnit4TestSet.java:53)
	at org.apache.maven.surefire.junit4.JUnit4Provider.executeTestSet(JUnit4Provider.java:123)
	at org.apache.maven.surefire.junit4.JUnit4Provider.invoke(JUnit4Provider.java:104)
	at sun.reflect.NativeMethodAccessorImpl.invoke0(Native Method)
	at sun.reflect.NativeMethodAccessorImpl.invoke(NativeMethodAccessorImpl.java:62)
	at sun.reflect.DelegatingMethodAccessorImpl.invoke(DelegatingMethodAccessorImpl.java:43)
	at java.lang.reflect.Method.invoke(Method.java:497)
	at org.apache.maven.surefire.util.ReflectionUtils.invokeMethodWithArray(ReflectionUtils.java:164)
	at org.apache.maven.surefire.booter.ProviderFactory$ProviderProxy.invoke(ProviderFactory.java:110)
	at org.apache.maven.surefire.booter.SurefireStarter.invokeProvider(SurefireStarter.java:175)
	at org.apache.maven.surefire.booter.SurefireStarter.runSuitesInProcessWhenForked(SurefireStarter.java:107)
	at org.apache.maven.surefire.booter.ForkedBooter.main(ForkedBooter.java:68)
Caused by: Exception [EclipseLink-6044] (Eclipse Persistence Services - 2.5.2.v20140319-9ad6abd): org.eclipse.persistence.exceptions.QueryException
Exception Description: The primary key read from the row [ArrayRecord(
	tb_Veterinario.id_veterinario =&gt; 3
	tb_Veterinario.str_crmv =&gt; 54214554
	tb_Veterinario.str_especialidade =&gt; Cardiaco)] during the execution of the query was detected to be null.  Primary keys must not contain null.
Query: ReadAllQuery(name=&quot;Veterinario.PorEspecialidade&quot; referenceClass=Veterinario sql=&quot;select id_veterinario, str_crmv, str_especialidade from sistemapet.tb_veterinario where str_especialidade like ? order by str_crmv;&quot;)
	at org.eclipse.persistence.exceptions.QueryException.nullPrimaryKeyInBuildingObject(QueryException.java:922)
	at org.eclipse.persistence.internal.descriptors.ObjectBuilder.buildObject(ObjectBuilder.java:715)
	at org.eclipse.persistence.internal.descriptors.ObjectBuilder.buildObject(ObjectBuilder.java:688)
	at org.eclipse.persistence.queries.ObjectLevelReadQuery.buildObject(ObjectLevelReadQuery.java:795)
	at org.eclipse.persistence.queries.ReadAllQuery.registerResultInUnitOfWork(ReadAllQuery.java:890)
	at org.eclipse.persistence.queries.ReadAllQuery.executeObjectLevelReadQuery(ReadAllQuery.java:509)
	at org.eclipse.persistence.queries.ObjectLevelReadQuery.executeDatabaseQuery(ObjectLevelReadQuery.java:1168)
	at org.eclipse.persistence.queries.DatabaseQuery.execute(DatabaseQuery.java:899)
	at org.eclipse.persistence.queries.ObjectLevelReadQuery.execute(ObjectLevelReadQuery.java:1127)
	at org.eclipse.persistence.queries.ReadAllQuery.execute(ReadAllQuery.java:403)
	at org.eclipse.persistence.queries.ObjectLevelReadQuery.executeInUnitOfWork(ObjectLevelReadQuery.java:1215)
	at org.eclipse.persistence.internal.sessions.UnitOfWorkImpl.internalExecuteQuery(UnitOfWorkImpl.java:2896)
	at org.eclipse.persistence.internal.sessions.AbstractSession.executeQuery(AbstractSession.java:1804)
	at org.eclipse.persistence.internal.sessions.AbstractSession.executeQuery(AbstractSession.java:1786)
	at org.eclipse.persistence.internal.sessions.AbstractSession.executeQuery(AbstractSession.java:1751)
	at org.eclipse.persistence.internal.jpa.QueryImpl.executeReadQuery(QueryImpl.java:258)
	at org.eclipse.persistence.internal.jpa.QueryImpl.getResultList(QueryImpl.java:469)
	... 34 more
</error>
    <system-out>[EL Fine]: sql: 2017-05-05 22:32:03.582--ClientSession(67795316)--Connection(378693799)--Thread(Thread[main,5,main])--select id_veterinario, str_crmv, str_especialidade from sistemapet.tb_veterinario where str_especialidade like ? order by str_crmv;
	bind =&gt; [Cardiaco]
[EL Warning]: 2017-05-05 22:32:03.595--UnitOfWork(1733902203)--Thread(Thread[main,5,main])--Exception [EclipseLink-6044] (Eclipse Persistence Services - 2.5.2.v20140319-9ad6abd): org.eclipse.persistence.exceptions.QueryException
Exception Description: The primary key read from the row [ArrayRecord(
	tb_Veterinario.id_veterinario =&gt; 3
	tb_Veterinario.str_crmv =&gt; 54214554
	tb_Veterinario.str_especialidade =&gt; Cardiaco)] during the execution of the query was detected to be null.  Primary keys must not contain null.
Query: ReadAllQuery(name=&quot;Veterinario.PorEspecialidade&quot; referenceClass=Veterinario sql=&quot;select id_veterinario, str_crmv, str_especialidade from sistemapet.tb_veterinario where str_especialidade like ? order by str_crmv;&quot;)
</system-out>
  </testcase>
  <testcase classname="sistema.testes.VeterinarioTest" name="selectJpqlNamedQueryTeste" time="3.153"/>
  <testcase classname="sistema.testes.VeterinarioTest" name="atualizaVeterinarioQueryTeste" time="3.373"/>
</testsuite>