<?xml version="1.0" encoding="UTF-8" ?>
<testsuite tests="11" failures="1" name="sistema.testes.ServicoTest" time="23.234" errors="2" skipped="0">
  <properties>
[...]
</properties>
  <testcase classname="sistema.testes.ServicoTest" name="atualizaServicoInvalidoTest" time="1.56"/>
  <testcase classname="sistema.testes.ServicoTest" name="deletaServicoEmTest" time="2.616"/>
  <testcase classname="sistema.testes.ServicoTest" name="criaServicoValidoTest" time="1.913"/>
  <testcase classname="sistema.testes.ServicoTest" name="atualizaServicoQueryTeste" time="1.712">
    <failure message="expected:&lt;87.99&gt; but was:&lt;90.0&gt;" type="java.lang.AssertionError">java.lang.AssertionError: expected:&lt;87.99&gt; but was:&lt;90.0&gt;
	at org.junit.Assert.fail(Assert.java:88)
	at org.junit.Assert.failNotEquals(Assert.java:743)
	at org.junit.Assert.assertEquals(Assert.java:118)
	at org.junit.Assert.assertEquals(Assert.java:144)
	at sistema.testes.ServicoTest.atualizaServicoQueryTeste(ServicoTest.java:199)
	at sun.reflect.NativeMethodAccessorImpl.invoke0(Native Method)
	at sun.reflect.NativeMethodAccessorImpl.invoke(NativeMethodAccessorImpl.java:62)
	at sun.reflect.DelegatingMethodAccessorImpl.invoke(DelegatingMethodAccessorImpl.java:43)
	at java.lang.reflect.Method.invoke(Method.java:497)
	at org.junit.runners.model.FrameworkMethod$1.runReflectiveCall(FrameworkMethod.java:47)
	at org.junit.internal.runners.model.ReflectiveCallable.run(ReflectiveCallable.java:12)
	at org.junit.runners.model.FrameworkMethod.invokeExplosively(FrameworkMethod.java:44)
	at org.junit.internal.runners.statements.InvokeMethod.evaluate(InvokeMethod.java:17)
	at org.junit.internal.runners.statements.RunBefores.evaluate(RunBefores.java:26)
	at org.junit.internal.runners.statements.RunAfters.evaluate(RunAfters.java:27)
	at org.junit.runners.ParentRunner.runLeaf(ParentRunner.java:271)
	at org.junit.runners.BlockJUnit4ClassRunner.runChild(BlockJUnit4ClassRunner.java:70)
	at org.junit.runners.BlockJUnit4ClassRunner.runChild(BlockJUnit4ClassRunner.java:50)
	at org.junit.runners.ParentRunner$3.run(ParentRunner.java:238)
	at org.junit.runners.ParentRunner$1.schedule(ParentRunner.java:63)
	at org.junit.runners.ParentRunner.runChildren(ParentRunner.java:236)
	at org.junit.runners.ParentRunner.access$000(ParentRunner.java:53)
	at org.junit.runners.ParentRunner$2.evaluate(ParentRunner.java:229)
	at org.junit.internal.runners.statements.RunBefores.evaluate(RunBefores.java:26)
	at org.junit.internal.runners.statements.RunAfters.evaluate(RunAfters.java:27)
	at org.junit.runners.ParentRunner.run(ParentRunner.java:309)
	at org.apache.maven.surefire.junit4.JUnit4TestSet.execute(JUnit4TestSet.java:53)
	at org.apache.maven.surefire.junit4.JUnit4Provider.executeTestSet(JUnit4Provider.java:123)
	at org.apache.maven.surefire.junit4.JUnit4Provider.invoke(JUnit4Provider.java:104)
	at sun.reflect.NativeMethodAccessorImpl.invoke0(Native Method)
	at sun.reflect.NativeMethodAccessorImpl.invoke(NativeMethodAccessorImpl.java:62)
	at sun.reflect.DelegatingMethodAccessorImpl.invoke(DelegatingMethodAccessorImpl.java:43)
	at java.lang.reflect.Method.invoke(Method.java:497)
	at org.apache.maven.surefire.util.ReflectionUtils.invokeMethodWithArray(ReflectionUtils.java:164)
	at org.apache.maven.surefire.booter.ProviderFactory$ProviderProxy.invoke(ProviderFactory.java:110)
	at org.apache.maven.surefire.booter.SurefireStarter.invokeProvider(SurefireStarter.java:175)
	at org.apache.maven.surefire.booter.SurefireStarter.runSuitesInProcessWhenForked(SurefireStarter.java:107)
	at org.apache.maven.surefire.booter.ForkedBooter.main(ForkedBooter.java:68)
</failure>
    <system-out>[EL Fine]: sql: 2017-06-17 10:34:45.078--ClientSession(1992840325)--Connection(1051927339)--Thread(Thread[main,5,main])--UPDATE tb_servico SET dbl_valor = ? WHERE (id_servico = ?)
	bind =&gt; [87.99, 3]
</system-out>
  </testcase>
  <testcase classname="sistema.testes.ServicoTest" name="selectNativeNamedQueryTeste" time="2.872"/>
  <testcase classname="sistema.testes.ServicoTest" name="atualizaServicoValidoTest" time="1.96"/>
  <testcase classname="sistema.testes.ServicoTest" name="selectJpqlQueryTeste" time="1.32"/>
  <testcase classname="sistema.testes.ServicoTest" name="deletaServicoQuerytTeste" time="3.44">
    <error message="
Exception Description: The class of the argument for the object comparison is incorrect. 
Expression: [
Base com.sistema.model.ConsultaGeral] 
Mapping: [org.eclipse.persistence.mappings.ManyToOneMapping[servico]] 
Argument: [3]
Query: DeleteAllQuery(referenceClass=ConsultaGeral jpql=&quot;delete from ConsultaGeral cong where cong.servico = 3&quot;)" type="Local Exception Stack">Local Exception Stack: 
Exception [EclipseLink-6078] (Eclipse Persistence Services - 2.5.2.v20140319-9ad6abd): org.eclipse.persistence.exceptions.QueryException
Exception Description: The class of the argument for the object comparison is incorrect. 
Expression: [
Base com.sistema.model.ConsultaGeral] 
Mapping: [org.eclipse.persistence.mappings.ManyToOneMapping[servico]] 
Argument: [3]
Query: DeleteAllQuery(referenceClass=ConsultaGeral jpql=&quot;delete from ConsultaGeral cong where cong.servico = 3&quot;)
	at org.eclipse.persistence.exceptions.QueryException.incorrectClassForObjectComparison(QueryException.java:601)
	at org.eclipse.persistence.mappings.OneToOneMapping.buildObjectJoinExpression(OneToOneMapping.java:298)
	at org.eclipse.persistence.internal.expressions.RelationExpression.normalize(RelationExpression.java:830)
	at org.eclipse.persistence.internal.expressions.CompoundExpression.normalize(CompoundExpression.java:224)
	at org.eclipse.persistence.internal.expressions.SQLSelectStatement.normalize(SQLSelectStatement.java:1449)
	at org.eclipse.persistence.internal.queries.ExpressionQueryMechanism.buildReportQuerySelectStatement(ExpressionQueryMechanism.java:641)
	at org.eclipse.persistence.internal.queries.ExpressionQueryMechanism.createSQLSelectStatementForModifyAll(ExpressionQueryMechanism.java:1590)
	at org.eclipse.persistence.internal.queries.ExpressionQueryMechanism.createSQLSelectStatementForModifyAll(ExpressionQueryMechanism.java:1566)
	at org.eclipse.persistence.internal.queries.ExpressionQueryMechanism.prepareDeleteAll(ExpressionQueryMechanism.java:1220)
	at org.eclipse.persistence.internal.queries.ExpressionQueryMechanism.prepareDeleteAll(ExpressionQueryMechanism.java:1145)
	at org.eclipse.persistence.queries.DeleteAllQuery.prepare(DeleteAllQuery.java:271)
	at org.eclipse.persistence.queries.DatabaseQuery.checkPrepare(DatabaseQuery.java:661)
	at org.eclipse.persistence.queries.DatabaseQuery.checkPrepare(DatabaseQuery.java:613)
	at org.eclipse.persistence.internal.jpa.EJBQueryImpl.buildEJBQLDatabaseQuery(EJBQueryImpl.java:194)
	at org.eclipse.persistence.internal.jpa.EJBQueryImpl.buildEJBQLDatabaseQuery(EJBQueryImpl.java:116)
	at org.eclipse.persistence.internal.jpa.EJBQueryImpl.&lt;init&gt;(EJBQueryImpl.java:102)
	at org.eclipse.persistence.internal.jpa.EJBQueryImpl.&lt;init&gt;(EJBQueryImpl.java:86)
	at org.eclipse.persistence.internal.jpa.EntityManagerImpl.createQuery(EntityManagerImpl.java:1603)
	at sistema.testes.ServicoTest.deletaServicoQuerytTeste(ServicoTest.java:208)
	at sun.reflect.NativeMethodAccessorImpl.invoke0(Native Method)
	at sun.reflect.NativeMethodAccessorImpl.invoke(NativeMethodAccessorImpl.java:62)
	at sun.reflect.DelegatingMethodAccessorImpl.invoke(DelegatingMethodAccessorImpl.java:43)
	at java.lang.reflect.Method.invoke(Method.java:497)
	at org.junit.runners.model.FrameworkMethod$1.runReflectiveCall(FrameworkMethod.java:47)
	at org.junit.internal.runners.model.ReflectiveCallable.run(ReflectiveCallable.java:12)
	at org.junit.runners.model.FrameworkMethod.invokeExplosively(FrameworkMethod.java:44)
	at org.junit.internal.runners.statements.InvokeMethod.evaluate(InvokeMethod.java:17)
	at org.junit.internal.runners.statements.RunBefores.evaluate(RunBefores.java:26)
	at org.junit.internal.runners.statements.RunAfters.evaluate(RunAfters.java:27)
	at org.junit.runners.ParentRunner.runLeaf(ParentRunner.java:271)
	at org.junit.runners.BlockJUnit4ClassRunner.runChild(BlockJUnit4ClassRunner.java:70)
	at org.junit.runners.BlockJUnit4ClassRunner.runChild(BlockJUnit4ClassRunner.java:50)
	at org.junit.runners.ParentRunner$3.run(ParentRunner.java:238)
	at org.junit.runners.ParentRunner$1.schedule(ParentRunner.java:63)
	at org.junit.runners.ParentRunner.runChildren(ParentRunner.java:236)
	at org.junit.runners.ParentRunner.access$000(ParentRunner.java:53)
	at org.junit.runners.ParentRunner$2.evaluate(ParentRunner.java:229)
	at org.junit.internal.runners.statements.RunBefores.evaluate(RunBefores.java:26)
	at org.junit.internal.runners.statements.RunAfters.evaluate(RunAfters.java:27)
	at org.junit.runners.ParentRunner.run(ParentRunner.java:309)
	at org.apache.maven.surefire.junit4.JUnit4TestSet.execute(JUnit4TestSet.java:53)
	at org.apache.maven.surefire.junit4.JUnit4Provider.executeTestSet(JUnit4Provider.java:123)
	at org.apache.maven.surefire.junit4.JUnit4Provider.invoke(JUnit4Provider.java:104)
	at sun.reflect.NativeMethodAccessorImpl.invoke0(Native Method)
	at sun.reflect.NativeMethodAccessorImpl.invoke(NativeMethodAccessorImpl.java:62)
	at sun.reflect.DelegatingMethodAccessorImpl.invoke(DelegatingMethodAccessorImpl.java:43)
	at java.lang.reflect.Method.invoke(Method.java:497)
	at org.apache.maven.surefire.util.ReflectionUtils.invokeMethodWithArray(ReflectionUtils.java:164)
	at org.apache.maven.surefire.booter.ProviderFactory$ProviderProxy.invoke(ProviderFactory.java:110)
	at org.apache.maven.surefire.booter.SurefireStarter.invokeProvider(SurefireStarter.java:175)
	at org.apache.maven.surefire.booter.SurefireStarter.runSuitesInProcessWhenForked(SurefireStarter.java:107)
	at org.apache.maven.surefire.booter.ForkedBooter.main(ForkedBooter.java:68)
</error>
    <system-out>ERROR: Transaction rolled back because transaction was set to RollbackOnly.
</system-out>
  </testcase>
  <testcase classname="sistema.testes.ServicoTest" name="selectJpqlNamedQueryTeste" time="1.992"/>
  <testcase classname="sistema.testes.ServicoTest" name="criaServicoInvalidoTest" time="1.825"/>
  <testcase classname="sistema.testes.ServicoTest" name="selectNativeQueryTeste" time="2.008">
    <error message="Exception [EclipseLink-6044] (Eclipse Persistence Services - 2.5.2.v20140319-9ad6abd): org.eclipse.persistence.exceptions.QueryException
Exception Description: The primary key read from the row [ArrayRecord(
	tb_servico.str_nome =&gt; Banho
	tb_servico.dbl_valor =&gt; 50.0)] during the execution of the query was detected to be null.  Primary keys must not contain null.
Query: ReadAllQuery(referenceClass=Servico sql=&quot;select ser.str_nome, ser.dbl_valor from tb_servico ser where ser.dbl_valor &gt;= 40 order by ser.str_nome&quot;)" type="javax.persistence.PersistenceException">javax.persistence.PersistenceException: Exception [EclipseLink-6044] (Eclipse Persistence Services - 2.5.2.v20140319-9ad6abd): org.eclipse.persistence.exceptions.QueryException
Exception Description: The primary key read from the row [ArrayRecord(
	tb_servico.str_nome =&gt; Banho
	tb_servico.dbl_valor =&gt; 50.0)] during the execution of the query was detected to be null.  Primary keys must not contain null.
Query: ReadAllQuery(referenceClass=Servico sql=&quot;select ser.str_nome, ser.dbl_valor from tb_servico ser where ser.dbl_valor &gt;= 40 order by ser.str_nome&quot;)
	at org.eclipse.persistence.internal.jpa.QueryImpl.getResultList(QueryImpl.java:480)
	at sistema.testes.ServicoTest.selectNativeQueryTeste(ServicoTest.java:166)
	at sun.reflect.NativeMethodAccessorImpl.invoke0(Native Method)
	at sun.reflect.NativeMethodAccessorImpl.invoke(NativeMethodAccessorImpl.java:62)
	at sun.reflect.DelegatingMethodAccessorImpl.invoke(DelegatingMethodAccessorImpl.java:43)
	at java.lang.reflect.Method.invoke(Method.java:497)
	at org.junit.runners.model.FrameworkMethod$1.runReflectiveCall(FrameworkMethod.java:47)
	at org.junit.internal.runners.model.ReflectiveCallable.run(ReflectiveCallable.java:12)
	at org.junit.runners.model.FrameworkMethod.invokeExplosively(FrameworkMethod.java:44)
	at org.junit.internal.runners.statements.InvokeMethod.evaluate(InvokeMethod.java:17)
	at org.junit.internal.runners.statements.RunBefores.evaluate(RunBefores.java:26)
	at org.junit.internal.runners.statements.RunAfters.evaluate(RunAfters.java:27)
	at org.junit.runners.ParentRunner.runLeaf(ParentRunner.java:271)
	at org.junit.runners.BlockJUnit4ClassRunner.runChild(BlockJUnit4ClassRunner.java:70)
	at org.junit.runners.BlockJUnit4ClassRunner.runChild(BlockJUnit4ClassRunner.java:50)
	at org.junit.runners.ParentRunner$3.run(ParentRunner.java:238)
	at org.junit.runners.ParentRunner$1.schedule(ParentRunner.java:63)
	at org.junit.runners.ParentRunner.runChildren(ParentRunner.java:236)
	at org.junit.runners.ParentRunner.access$000(ParentRunner.java:53)
	at org.junit.runners.ParentRunner$2.evaluate(ParentRunner.java:229)
	at org.junit.internal.runners.statements.RunBefores.evaluate(RunBefores.java:26)
	at org.junit.internal.runners.statements.RunAfters.evaluate(RunAfters.java:27)
	at org.junit.runners.ParentRunner.run(ParentRunner.java:309)
	at org.apache.maven.surefire.junit4.JUnit4TestSet.execute(JUnit4TestSet.java:53)
	at org.apache.maven.surefire.junit4.JUnit4Provider.executeTestSet(JUnit4Provider.java:123)
	at org.apache.maven.surefire.junit4.JUnit4Provider.invoke(JUnit4Provider.java:104)
	at sun.reflect.NativeMethodAccessorImpl.invoke0(Native Method)
	at sun.reflect.NativeMethodAccessorImpl.invoke(NativeMethodAccessorImpl.java:62)
	at sun.reflect.DelegatingMethodAccessorImpl.invoke(DelegatingMethodAccessorImpl.java:43)
	at java.lang.reflect.Method.invoke(Method.java:497)
	at org.apache.maven.surefire.util.ReflectionUtils.invokeMethodWithArray(ReflectionUtils.java:164)
	at org.apache.maven.surefire.booter.ProviderFactory$ProviderProxy.invoke(ProviderFactory.java:110)
	at org.apache.maven.surefire.booter.SurefireStarter.invokeProvider(SurefireStarter.java:175)
	at org.apache.maven.surefire.booter.SurefireStarter.runSuitesInProcessWhenForked(SurefireStarter.java:107)
	at org.apache.maven.surefire.booter.ForkedBooter.main(ForkedBooter.java:68)
Caused by: Exception [EclipseLink-6044] (Eclipse Persistence Services - 2.5.2.v20140319-9ad6abd): org.eclipse.persistence.exceptions.QueryException
Exception Description: The primary key read from the row [ArrayRecord(
	tb_servico.str_nome =&gt; Banho
	tb_servico.dbl_valor =&gt; 50.0)] during the execution of the query was detected to be null.  Primary keys must not contain null.
Query: ReadAllQuery(referenceClass=Servico sql=&quot;select ser.str_nome, ser.dbl_valor from tb_servico ser where ser.dbl_valor &gt;= 40 order by ser.str_nome&quot;)
	at org.eclipse.persistence.exceptions.QueryException.nullPrimaryKeyInBuildingObject(QueryException.java:922)
	at org.eclipse.persistence.internal.descriptors.ObjectBuilder.buildObject(ObjectBuilder.java:715)
	at org.eclipse.persistence.internal.descriptors.ObjectBuilder.buildObject(ObjectBuilder.java:688)
	at org.eclipse.persistence.queries.ObjectLevelReadQuery.buildObject(ObjectLevelReadQuery.java:795)
	at org.eclipse.persistence.queries.ReadAllQuery.registerResultInUnitOfWork(ReadAllQuery.java:890)
	at org.eclipse.persistence.queries.ReadAllQuery.executeObjectLevelReadQuery(ReadAllQuery.java:509)
	at org.eclipse.persistence.queries.ObjectLevelReadQuery.executeDatabaseQuery(ObjectLevelReadQuery.java:1168)
	at org.eclipse.persistence.queries.DatabaseQuery.execute(DatabaseQuery.java:899)
	at org.eclipse.persistence.queries.ObjectLevelReadQuery.execute(ObjectLevelReadQuery.java:1127)
	at org.eclipse.persistence.queries.ReadAllQuery.execute(ReadAllQuery.java:403)
	at org.eclipse.persistence.queries.ObjectLevelReadQuery.executeInUnitOfWork(ObjectLevelReadQuery.java:1215)
	at org.eclipse.persistence.internal.sessions.UnitOfWorkImpl.internalExecuteQuery(UnitOfWorkImpl.java:2896)
	at org.eclipse.persistence.internal.sessions.AbstractSession.executeQuery(AbstractSession.java:1804)
	at org.eclipse.persistence.internal.sessions.AbstractSession.executeQuery(AbstractSession.java:1786)
	at org.eclipse.persistence.internal.sessions.AbstractSession.executeQuery(AbstractSession.java:1751)
	at org.eclipse.persistence.internal.jpa.QueryImpl.executeReadQuery(QueryImpl.java:258)
	at org.eclipse.persistence.internal.jpa.QueryImpl.getResultList(QueryImpl.java:469)
	... 34 more
</error>
    <system-out>[EL Fine]: sql: 2017-06-17 10:35:00.527--ClientSession(1917717111)--Connection(1051927339)--Thread(Thread[main,5,main])--select ser.str_nome, ser.dbl_valor from tb_servico ser where ser.dbl_valor &gt;= 40 order by ser.str_nome
[EL Warning]: 2017-06-17 10:35:00.527--UnitOfWork(92350773)--Thread(Thread[main,5,main])--Exception [EclipseLink-6044] (Eclipse Persistence Services - 2.5.2.v20140319-9ad6abd): org.eclipse.persistence.exceptions.QueryException
Exception Description: The primary key read from the row [ArrayRecord(
	tb_servico.str_nome =&gt; Banho
	tb_servico.dbl_valor =&gt; 50.0)] during the execution of the query was detected to be null.  Primary keys must not contain null.
Query: ReadAllQuery(referenceClass=Servico sql=&quot;select ser.str_nome, ser.dbl_valor from tb_servico ser where ser.dbl_valor &gt;= 40 order by ser.str_nome&quot;)
ERROR: Transaction rolled back because transaction was set to RollbackOnly.
</system-out>
  </testcase>
</testsuite>