<?xml version="1.0" encoding="UTF-8" ?>
<testsuite tests="7" failures="1" name="sistema.testes.ClienteTest" time="21.583" errors="4" skipped="0">
  <properties>
[...]
</properties>
  <testcase classname="sistema.testes.ClienteTest" name="selectNamedQueryTest" time="3.239"/>
  <testcase classname="sistema.testes.ClienteTest" name="atualizarClienteValidoEmTest" time="2.086">
    <error message="Unable to instantiate Configuration." type="javax.validation.ValidationException">javax.validation.ValidationException: Unable to instantiate Configuration.
	at javax.validation.Validation$GenericBootstrapImpl.configure(Validation.java:279)
	at javax.validation.Validation.buildDefaultValidatorFactory(Validation.java:110)
	at com.sistema.model.Cartao.validar(Cartao.java:101)
	at sun.reflect.NativeMethodAccessorImpl.invoke0(Native Method)
	at sun.reflect.NativeMethodAccessorImpl.invoke(NativeMethodAccessorImpl.java:62)
	at sun.reflect.DelegatingMethodAccessorImpl.invoke(DelegatingMethodAccessorImpl.java:43)
	at java.lang.reflect.Method.invoke(Method.java:497)
	at org.eclipse.persistence.internal.security.PrivilegedAccessHelper.invokeMethod(PrivilegedAccessHelper.java:409)
	at org.eclipse.persistence.internal.jpa.metadata.listeners.EntityListener.invokeMethod(EntityListener.java:326)
	at org.eclipse.persistence.internal.jpa.metadata.listeners.EntityClassListener.invokeMethod(EntityClassListener.java:75)
	at org.eclipse.persistence.internal.jpa.metadata.listeners.EntityListener.prePersist(EntityListener.java:449)
	at org.eclipse.persistence.descriptors.DescriptorEventManager.notifyListener(DescriptorEventManager.java:748)
	at org.eclipse.persistence.descriptors.DescriptorEventManager.notifyEJB30Listeners(DescriptorEventManager.java:684)
	at org.eclipse.persistence.descriptors.DescriptorEventManager.executeEvent(DescriptorEventManager.java:229)
	at org.eclipse.persistence.internal.sessions.UnitOfWorkImpl.registerNewObjectClone(UnitOfWorkImpl.java:4316)
	at org.eclipse.persistence.internal.sessions.RepeatableWriteUnitOfWork.cloneAndRegisterNewObject(RepeatableWriteUnitOfWork.java:608)
	at org.eclipse.persistence.internal.sessions.UnitOfWorkImpl.internalRegisterObject(UnitOfWorkImpl.java:2937)
	at org.eclipse.persistence.internal.sessions.MergeManager.registerObjectForMergeCloneIntoWorkingCopy(MergeManager.java:1087)
	at org.eclipse.persistence.internal.sessions.MergeManager.mergeChangesOfCloneIntoWorkingCopy(MergeManager.java:557)
	at org.eclipse.persistence.internal.sessions.MergeManager.mergeChanges(MergeManager.java:313)
	at org.eclipse.persistence.mappings.CollectionMapping.mergeIntoObject(CollectionMapping.java:1645)
	at org.eclipse.persistence.internal.descriptors.ObjectBuilder.mergeIntoObject(ObjectBuilder.java:4132)
	at org.eclipse.persistence.internal.sessions.MergeManager.mergeChangesOfCloneIntoWorkingCopy(MergeManager.java:594)
	at org.eclipse.persistence.internal.sessions.MergeManager.mergeChanges(MergeManager.java:313)
	at org.eclipse.persistence.internal.sessions.UnitOfWorkImpl.mergeCloneWithReferences(UnitOfWorkImpl.java:3521)
	at org.eclipse.persistence.internal.sessions.RepeatableWriteUnitOfWork.mergeCloneWithReferences(RepeatableWriteUnitOfWork.java:384)
	at org.eclipse.persistence.internal.sessions.UnitOfWorkImpl.mergeCloneWithReferences(UnitOfWorkImpl.java:3481)
	at org.eclipse.persistence.internal.jpa.EntityManagerImpl.mergeInternal(EntityManagerImpl.java:542)
	at org.eclipse.persistence.internal.jpa.EntityManagerImpl.merge(EntityManagerImpl.java:519)
	at sistema.testes.ClienteTest.atualizarClienteValidoEmTest(ClienteTest.java:144)
	at sun.reflect.NativeMethodAccessorImpl.invoke0(Native Method)
	at sun.reflect.NativeMethodAccessorImpl.invoke(NativeMethodAccessorImpl.java:62)
	at sun.reflect.DelegatingMethodAccessorImpl.invoke(DelegatingMethodAccessorImpl.java:43)
	at java.lang.reflect.Method.invoke(Method.java:497)
	at org.junit.runners.model.FrameworkMethod$1.runReflectiveCall(FrameworkMethod.java:47)
	at org.junit.internal.runners.model.ReflectiveCallable.run(ReflectiveCallable.java:12)
	at org.junit.runners.model.FrameworkMethod.invokeExplosively(FrameworkMethod.java:44)
	at org.junit.internal.runners.statements.InvokeMethod.evaluate(InvokeMethod.java:17)
	at org.junit.internal.runners.statements.RunBefores.evaluate(RunBefores.java:26)
	at org.junit.internal.runners.statements.RunAfters.evaluate(RunAfters.java:27)
	at org.junit.runners.ParentRunner.runLeaf(ParentRunner.java:271)
	at org.junit.runners.BlockJUnit4ClassRunner.runChild(BlockJUnit4ClassRunner.java:70)
	at org.junit.runners.BlockJUnit4ClassRunner.runChild(BlockJUnit4ClassRunner.java:50)
	at org.junit.runners.ParentRunner$3.run(ParentRunner.java:238)
	at org.junit.runners.ParentRunner$1.schedule(ParentRunner.java:63)
	at org.junit.runners.ParentRunner.runChildren(ParentRunner.java:236)
	at org.junit.runners.ParentRunner.access$000(ParentRunner.java:53)
	at org.junit.runners.ParentRunner$2.evaluate(ParentRunner.java:229)
	at org.junit.internal.runners.statements.RunBefores.evaluate(RunBefores.java:26)
	at org.junit.internal.runners.statements.RunAfters.evaluate(RunAfters.java:27)
	at org.junit.runners.ParentRunner.run(ParentRunner.java:309)
	at org.apache.maven.surefire.junit4.JUnit4TestSet.execute(JUnit4TestSet.java:53)
	at org.apache.maven.surefire.junit4.JUnit4Provider.executeTestSet(JUnit4Provider.java:123)
	at org.apache.maven.surefire.junit4.JUnit4Provider.invoke(JUnit4Provider.java:104)
	at sun.reflect.NativeMethodAccessorImpl.invoke0(Native Method)
	at sun.reflect.NativeMethodAccessorImpl.invoke(NativeMethodAccessorImpl.java:62)
	at sun.reflect.DelegatingMethodAccessorImpl.invoke(DelegatingMethodAccessorImpl.java:43)
	at java.lang.reflect.Method.invoke(Method.java:497)
	at org.apache.maven.surefire.util.ReflectionUtils.invokeMethodWithArray(ReflectionUtils.java:164)
	at org.apache.maven.surefire.booter.ProviderFactory$ProviderProxy.invoke(ProviderFactory.java:110)
	at org.apache.maven.surefire.booter.SurefireStarter.invokeProvider(SurefireStarter.java:175)
	at org.apache.maven.surefire.booter.SurefireStarter.runSuitesInProcessWhenForked(SurefireStarter.java:107)
	at org.apache.maven.surefire.booter.ForkedBooter.main(ForkedBooter.java:68)
Caused by: javax.validation.ValidationException: HV000183: Unable to load &apos;javax.el.ExpressionFactory&apos;. Check that you have the EL dependencies on the classpath
	at org.hibernate.validator.messageinterpolation.ResourceBundleMessageInterpolator.&lt;init&gt;(ResourceBundleMessageInterpolator.java:172)
	at org.hibernate.validator.messageinterpolation.ResourceBundleMessageInterpolator.&lt;init&gt;(ResourceBundleMessageInterpolator.java:118)
	at org.hibernate.validator.internal.engine.ConfigurationImpl.&lt;init&gt;(ConfigurationImpl.java:110)
	at org.hibernate.validator.internal.engine.ConfigurationImpl.&lt;init&gt;(ConfigurationImpl.java:86)
	at org.hibernate.validator.HibernateValidator.createGenericConfiguration(HibernateValidator.java:41)
	at javax.validation.Validation$GenericBootstrapImpl.configure(Validation.java:276)
	... 62 more
</error>
    <system-err>jun 17, 2017 10:32:35 AM sistema.testes.ClienteTest tearDown
GRAVE: Transaction rolled back because transaction was set to RollbackOnly.
</system-err>
  </testcase>
  <testcase classname="sistema.testes.ClienteTest" name="atualizarClienteQueryTest" time="2.809">
    <failure message="expected:&lt;AllanS[Freita]s&gt; but was:&lt;AllanS[anto]s&gt;" type="org.junit.ComparisonFailure">org.junit.ComparisonFailure: expected:&lt;AllanS[Freita]s&gt; but was:&lt;AllanS[anto]s&gt;
	at org.junit.Assert.assertEquals(Assert.java:115)
	at org.junit.Assert.assertEquals(Assert.java:144)
	at sistema.testes.ClienteTest.atualizarClienteQueryTest(ClienteTest.java:208)
	at sun.reflect.NativeMethodAccessorImpl.invoke0(Native Method)
	at sun.reflect.NativeMethodAccessorImpl.invoke(NativeMethodAccessorImpl.java:62)
	at sun.reflect.DelegatingMethodAccessorImpl.invoke(DelegatingMethodAccessorImpl.java:43)
	at java.lang.reflect.Method.invoke(Method.java:497)
	at org.junit.runners.model.FrameworkMethod$1.runReflectiveCall(FrameworkMethod.java:47)
	at org.junit.internal.runners.model.ReflectiveCallable.run(ReflectiveCallable.java:12)
	at org.junit.runners.model.FrameworkMethod.invokeExplosively(FrameworkMethod.java:44)
	at org.junit.internal.runners.statements.InvokeMethod.evaluate(InvokeMethod.java:17)
	at org.junit.internal.runners.statements.RunBefores.evaluate(RunBefores.java:26)
	at org.junit.internal.runners.statements.RunAfters.evaluate(RunAfters.java:27)
	at org.junit.runners.ParentRunner.runLeaf(ParentRunner.java:271)
	at org.junit.runners.BlockJUnit4ClassRunner.runChild(BlockJUnit4ClassRunner.java:70)
	at org.junit.runners.BlockJUnit4ClassRunner.runChild(BlockJUnit4ClassRunner.java:50)
	at org.junit.runners.ParentRunner$3.run(ParentRunner.java:238)
	at org.junit.runners.ParentRunner$1.schedule(ParentRunner.java:63)
	at org.junit.runners.ParentRunner.runChildren(ParentRunner.java:236)
	at org.junit.runners.ParentRunner.access$000(ParentRunner.java:53)
	at org.junit.runners.ParentRunner$2.evaluate(ParentRunner.java:229)
	at org.junit.internal.runners.statements.RunBefores.evaluate(RunBefores.java:26)
	at org.junit.internal.runners.statements.RunAfters.evaluate(RunAfters.java:27)
	at org.junit.runners.ParentRunner.run(ParentRunner.java:309)
	at org.apache.maven.surefire.junit4.JUnit4TestSet.execute(JUnit4TestSet.java:53)
	at org.apache.maven.surefire.junit4.JUnit4Provider.executeTestSet(JUnit4Provider.java:123)
	at org.apache.maven.surefire.junit4.JUnit4Provider.invoke(JUnit4Provider.java:104)
	at sun.reflect.NativeMethodAccessorImpl.invoke0(Native Method)
	at sun.reflect.NativeMethodAccessorImpl.invoke(NativeMethodAccessorImpl.java:62)
	at sun.reflect.DelegatingMethodAccessorImpl.invoke(DelegatingMethodAccessorImpl.java:43)
	at java.lang.reflect.Method.invoke(Method.java:497)
	at org.apache.maven.surefire.util.ReflectionUtils.invokeMethodWithArray(ReflectionUtils.java:164)
	at org.apache.maven.surefire.booter.ProviderFactory$ProviderProxy.invoke(ProviderFactory.java:110)
	at org.apache.maven.surefire.booter.SurefireStarter.invokeProvider(SurefireStarter.java:175)
	at org.apache.maven.surefire.booter.SurefireStarter.runSuitesInProcessWhenForked(SurefireStarter.java:107)
	at org.apache.maven.surefire.booter.ForkedBooter.main(ForkedBooter.java:68)
</failure>
    <system-out>[EL Fine]: sql: 2017-06-17 10:32:37.779--ClientSession(2024814472)--Connection(1051927339)--Thread(Thread[main,5,main])--CREATE TEMPORARY TABLE IF NOT EXISTS TL_tb_usuario (id_usuario BIGINT NOT NULL, disc_usuario VARCHAR(255), str_email VARCHAR(255), str_login VARCHAR(255), str_nome VARCHAR(255), str_senha VARCHAR(255), fk_endereco BIGINT, PRIMARY KEY (id_usuario))
[EL Fine]: sql: 2017-06-17 10:32:38.244--ClientSession(2024814472)--Connection(1051927339)--Thread(Thread[main,5,main])--INSERT INTO TL_tb_usuario (id_usuario, str_login) SELECT t0.id_usuario, ? FROM tb_usuario t0, tb_cliente t1 WHERE ((t0.id_usuario = ?) AND ((t1.id_cliente = t0.id_usuario) AND (t0.disc_usuario = ?)))
	bind =&gt; [AllanSFreitas, 1, cli]
[EL Fine]: sql: 2017-06-17 10:32:38.275--ClientSession(2024814472)--Connection(1051927339)--Thread(Thread[main,5,main])--UPDATE tb_usuario, TL_tb_usuario SET tb_usuario.str_login = TL_tb_usuario.str_login WHERE tb_usuario.id_usuario = TL_tb_usuario.id_usuario
[EL Fine]: sql: 2017-06-17 10:32:38.309--ClientSession(2024814472)--Connection(1051927339)--Thread(Thread[main,5,main])--DELETE FROM TL_tb_usuario
</system-out>
    <system-err>jun 17, 2017 10:32:37 AM sistema.testes.ClienteTest atualizarClienteQueryTest
INFORMAÇÕES: atualizarClienteQueryTest
</system-err>
  </testcase>
  <testcase classname="sistema.testes.ClienteTest" name="criarCartaoValidoEmTest" time="5.127">
    <error message="Unable to instantiate Configuration." type="javax.validation.ValidationException">javax.validation.ValidationException: Unable to instantiate Configuration.
	at javax.validation.Validation$GenericBootstrapImpl.configure(Validation.java:279)
	at javax.validation.Validation.buildDefaultValidatorFactory(Validation.java:110)
	at com.sistema.model.Cartao.validar(Cartao.java:101)
	at sun.reflect.NativeMethodAccessorImpl.invoke0(Native Method)
	at sun.reflect.NativeMethodAccessorImpl.invoke(NativeMethodAccessorImpl.java:62)
	at sun.reflect.DelegatingMethodAccessorImpl.invoke(DelegatingMethodAccessorImpl.java:43)
	at java.lang.reflect.Method.invoke(Method.java:497)
	at org.eclipse.persistence.internal.security.PrivilegedAccessHelper.invokeMethod(PrivilegedAccessHelper.java:409)
	at org.eclipse.persistence.internal.jpa.metadata.listeners.EntityListener.invokeMethod(EntityListener.java:326)
	at org.eclipse.persistence.internal.jpa.metadata.listeners.EntityClassListener.invokeMethod(EntityClassListener.java:75)
	at org.eclipse.persistence.internal.jpa.metadata.listeners.EntityListener.prePersist(EntityListener.java:449)
	at org.eclipse.persistence.descriptors.DescriptorEventManager.notifyListener(DescriptorEventManager.java:748)
	at org.eclipse.persistence.descriptors.DescriptorEventManager.notifyEJB30Listeners(DescriptorEventManager.java:684)
	at org.eclipse.persistence.descriptors.DescriptorEventManager.executeEvent(DescriptorEventManager.java:229)
	at org.eclipse.persistence.internal.sessions.UnitOfWorkImpl.registerNewObjectClone(UnitOfWorkImpl.java:4316)
	at org.eclipse.persistence.internal.sessions.UnitOfWorkImpl.registerNotRegisteredNewObjectForPersist(UnitOfWorkImpl.java:4293)
	at org.eclipse.persistence.internal.sessions.RepeatableWriteUnitOfWork.registerNotRegisteredNewObjectForPersist(RepeatableWriteUnitOfWork.java:518)
	at org.eclipse.persistence.internal.sessions.UnitOfWorkImpl.registerNewObjectForPersist(UnitOfWorkImpl.java:4235)
	at org.eclipse.persistence.mappings.CollectionMapping.cascadeRegisterNewIfRequired(CollectionMapping.java:516)
	at org.eclipse.persistence.internal.descriptors.ObjectBuilder.cascadeRegisterNewForCreate(ObjectBuilder.java:2542)
	at org.eclipse.persistence.internal.sessions.UnitOfWorkImpl.registerNewObjectForPersist(UnitOfWorkImpl.java:4241)
	at org.eclipse.persistence.internal.jpa.EntityManagerImpl.persist(EntityManagerImpl.java:496)
	at sistema.testes.ClienteTest.criarCartaoValidoEmTest(ClienteTest.java:109)
	at sun.reflect.NativeMethodAccessorImpl.invoke0(Native Method)
	at sun.reflect.NativeMethodAccessorImpl.invoke(NativeMethodAccessorImpl.java:62)
	at sun.reflect.DelegatingMethodAccessorImpl.invoke(DelegatingMethodAccessorImpl.java:43)
	at java.lang.reflect.Method.invoke(Method.java:497)
	at org.junit.runners.model.FrameworkMethod$1.runReflectiveCall(FrameworkMethod.java:47)
	at org.junit.internal.runners.model.ReflectiveCallable.run(ReflectiveCallable.java:12)
	at org.junit.runners.model.FrameworkMethod.invokeExplosively(FrameworkMethod.java:44)
	at org.junit.internal.runners.statements.InvokeMethod.evaluate(InvokeMethod.java:17)
	at org.junit.internal.runners.statements.RunBefores.evaluate(RunBefores.java:26)
	at org.junit.internal.runners.statements.RunAfters.evaluate(RunAfters.java:27)
	at org.junit.runners.ParentRunner.runLeaf(ParentRunner.java:271)
	at org.junit.runners.BlockJUnit4ClassRunner.runChild(BlockJUnit4ClassRunner.java:70)
	at org.junit.runners.BlockJUnit4ClassRunner.runChild(BlockJUnit4ClassRunner.java:50)
	at org.junit.runners.ParentRunner$3.run(ParentRunner.java:238)
	at org.junit.runners.ParentRunner$1.schedule(ParentRunner.java:63)
	at org.junit.runners.ParentRunner.runChildren(ParentRunner.java:236)
	at org.junit.runners.ParentRunner.access$000(ParentRunner.java:53)
	at org.junit.runners.ParentRunner$2.evaluate(ParentRunner.java:229)
	at org.junit.internal.runners.statements.RunBefores.evaluate(RunBefores.java:26)
	at org.junit.internal.runners.statements.RunAfters.evaluate(RunAfters.java:27)
	at org.junit.runners.ParentRunner.run(ParentRunner.java:309)
	at org.apache.maven.surefire.junit4.JUnit4TestSet.execute(JUnit4TestSet.java:53)
	at org.apache.maven.surefire.junit4.JUnit4Provider.executeTestSet(JUnit4Provider.java:123)
	at org.apache.maven.surefire.junit4.JUnit4Provider.invoke(JUnit4Provider.java:104)
	at sun.reflect.NativeMethodAccessorImpl.invoke0(Native Method)
	at sun.reflect.NativeMethodAccessorImpl.invoke(NativeMethodAccessorImpl.java:62)
	at sun.reflect.DelegatingMethodAccessorImpl.invoke(DelegatingMethodAccessorImpl.java:43)
	at java.lang.reflect.Method.invoke(Method.java:497)
	at org.apache.maven.surefire.util.ReflectionUtils.invokeMethodWithArray(ReflectionUtils.java:164)
	at org.apache.maven.surefire.booter.ProviderFactory$ProviderProxy.invoke(ProviderFactory.java:110)
	at org.apache.maven.surefire.booter.SurefireStarter.invokeProvider(SurefireStarter.java:175)
	at org.apache.maven.surefire.booter.SurefireStarter.runSuitesInProcessWhenForked(SurefireStarter.java:107)
	at org.apache.maven.surefire.booter.ForkedBooter.main(ForkedBooter.java:68)
Caused by: javax.validation.ValidationException: HV000183: Unable to load &apos;javax.el.ExpressionFactory&apos;. Check that you have the EL dependencies on the classpath
	at org.hibernate.validator.messageinterpolation.ResourceBundleMessageInterpolator.&lt;init&gt;(ResourceBundleMessageInterpolator.java:172)
	at org.hibernate.validator.messageinterpolation.ResourceBundleMessageInterpolator.&lt;init&gt;(ResourceBundleMessageInterpolator.java:118)
	at org.hibernate.validator.internal.engine.ConfigurationImpl.&lt;init&gt;(ConfigurationImpl.java:110)
	at org.hibernate.validator.internal.engine.ConfigurationImpl.&lt;init&gt;(ConfigurationImpl.java:86)
	at org.hibernate.validator.HibernateValidator.createGenericConfiguration(HibernateValidator.java:41)
	at javax.validation.Validation$GenericBootstrapImpl.configure(Validation.java:276)
	... 55 more
</error>
    <system-err>jun 17, 2017 10:32:43 AM sistema.testes.ClienteTest tearDown
GRAVE: Transaction rolled back because transaction was set to RollbackOnly.
</system-err>
  </testcase>
  <testcase classname="sistema.testes.ClienteTest" name="deletarClienteQueryTest" time="4.78">
    <error message="Exception [EclipseLink-4002] (Eclipse Persistence Services - 2.5.2.v20140319-9ad6abd): org.eclipse.persistence.exceptions.DatabaseException
Internal Exception: com.mysql.jdbc.exceptions.jdbc4.MySQLIntegrityConstraintViolationException: Cannot delete or update a parent row: a foreign key constraint fails (`sistemapet`.`tb_cartao`, CONSTRAINT `FK_tb_cartao_fk_cliente` FOREIGN KEY (`fk_cliente`) REFERENCES `tb_usuario` (`id_usuario`))
Error Code: 1451
Call: DELETE FROM tb_usuario USING tb_usuario, TL_tb_usuario WHERE tb_usuario.id_usuario = TL_tb_usuario.id_usuario
Query: DeleteAllQuery(referenceClass=Usuario sql=&quot;DELETE FROM TL_tb_usuario&quot;)" type="javax.persistence.PersistenceException">javax.persistence.PersistenceException: Exception [EclipseLink-4002] (Eclipse Persistence Services - 2.5.2.v20140319-9ad6abd): org.eclipse.persistence.exceptions.DatabaseException
Internal Exception: com.mysql.jdbc.exceptions.jdbc4.MySQLIntegrityConstraintViolationException: Cannot delete or update a parent row: a foreign key constraint fails (`sistemapet`.`tb_cartao`, CONSTRAINT `FK_tb_cartao_fk_cliente` FOREIGN KEY (`fk_cliente`) REFERENCES `tb_usuario` (`id_usuario`))
Error Code: 1451
Call: DELETE FROM tb_usuario USING tb_usuario, TL_tb_usuario WHERE tb_usuario.id_usuario = TL_tb_usuario.id_usuario
Query: DeleteAllQuery(referenceClass=Usuario sql=&quot;DELETE FROM TL_tb_usuario&quot;)
	at org.eclipse.persistence.internal.jpa.QueryImpl.executeUpdate(QueryImpl.java:308)
	at sistema.testes.ClienteTest.deletarClienteQueryTest(ClienteTest.java:181)
	at sun.reflect.NativeMethodAccessorImpl.invoke0(Native Method)
	at sun.reflect.NativeMethodAccessorImpl.invoke(NativeMethodAccessorImpl.java:62)
	at sun.reflect.DelegatingMethodAccessorImpl.invoke(DelegatingMethodAccessorImpl.java:43)
	at java.lang.reflect.Method.invoke(Method.java:497)
	at org.junit.runners.model.FrameworkMethod$1.runReflectiveCall(FrameworkMethod.java:47)
	at org.junit.internal.runners.model.ReflectiveCallable.run(ReflectiveCallable.java:12)
	at org.junit.runners.model.FrameworkMethod.invokeExplosively(FrameworkMethod.java:44)
	at org.junit.internal.runners.statements.InvokeMethod.evaluate(InvokeMethod.java:17)
	at org.junit.internal.runners.statements.RunBefores.evaluate(RunBefores.java:26)
	at org.junit.internal.runners.statements.RunAfters.evaluate(RunAfters.java:27)
	at org.junit.runners.ParentRunner.runLeaf(ParentRunner.java:271)
	at org.junit.runners.BlockJUnit4ClassRunner.runChild(BlockJUnit4ClassRunner.java:70)
	at org.junit.runners.BlockJUnit4ClassRunner.runChild(BlockJUnit4ClassRunner.java:50)
	at org.junit.runners.ParentRunner$3.run(ParentRunner.java:238)
	at org.junit.runners.ParentRunner$1.schedule(ParentRunner.java:63)
	at org.junit.runners.ParentRunner.runChildren(ParentRunner.java:236)
	at org.junit.runners.ParentRunner.access$000(ParentRunner.java:53)
	at org.junit.runners.ParentRunner$2.evaluate(ParentRunner.java:229)
	at org.junit.internal.runners.statements.RunBefores.evaluate(RunBefores.java:26)
	at org.junit.internal.runners.statements.RunAfters.evaluate(RunAfters.java:27)
	at org.junit.runners.ParentRunner.run(ParentRunner.java:309)
	at org.apache.maven.surefire.junit4.JUnit4TestSet.execute(JUnit4TestSet.java:53)
	at org.apache.maven.surefire.junit4.JUnit4Provider.executeTestSet(JUnit4Provider.java:123)
	at org.apache.maven.surefire.junit4.JUnit4Provider.invoke(JUnit4Provider.java:104)
	at sun.reflect.NativeMethodAccessorImpl.invoke0(Native Method)
	at sun.reflect.NativeMethodAccessorImpl.invoke(NativeMethodAccessorImpl.java:62)
	at sun.reflect.DelegatingMethodAccessorImpl.invoke(DelegatingMethodAccessorImpl.java:43)
	at java.lang.reflect.Method.invoke(Method.java:497)
	at org.apache.maven.surefire.util.ReflectionUtils.invokeMethodWithArray(ReflectionUtils.java:164)
	at org.apache.maven.surefire.booter.ProviderFactory$ProviderProxy.invoke(ProviderFactory.java:110)
	at org.apache.maven.surefire.booter.SurefireStarter.invokeProvider(SurefireStarter.java:175)
	at org.apache.maven.surefire.booter.SurefireStarter.runSuitesInProcessWhenForked(SurefireStarter.java:107)
	at org.apache.maven.surefire.booter.ForkedBooter.main(ForkedBooter.java:68)
Caused by: Exception [EclipseLink-4002] (Eclipse Persistence Services - 2.5.2.v20140319-9ad6abd): org.eclipse.persistence.exceptions.DatabaseException
Internal Exception: com.mysql.jdbc.exceptions.jdbc4.MySQLIntegrityConstraintViolationException: Cannot delete or update a parent row: a foreign key constraint fails (`sistemapet`.`tb_cartao`, CONSTRAINT `FK_tb_cartao_fk_cliente` FOREIGN KEY (`fk_cliente`) REFERENCES `tb_usuario` (`id_usuario`))
Error Code: 1451
Call: DELETE FROM tb_usuario USING tb_usuario, TL_tb_usuario WHERE tb_usuario.id_usuario = TL_tb_usuario.id_usuario
Query: DeleteAllQuery(referenceClass=Usuario sql=&quot;DELETE FROM TL_tb_usuario&quot;)
	at org.eclipse.persistence.exceptions.DatabaseException.sqlException(DatabaseException.java:331)
	at org.eclipse.persistence.internal.databaseaccess.DatabaseAccessor.executeDirectNoSelect(DatabaseAccessor.java:900)
	at org.eclipse.persistence.internal.databaseaccess.DatabaseAccessor.executeNoSelect(DatabaseAccessor.java:962)
	at org.eclipse.persistence.internal.databaseaccess.DatabaseAccessor.basicExecuteCall(DatabaseAccessor.java:631)
	at org.eclipse.persistence.internal.databaseaccess.DatabaseAccessor.executeCall(DatabaseAccessor.java:558)
	at org.eclipse.persistence.internal.sessions.AbstractSession.basicExecuteCall(AbstractSession.java:2002)
	at org.eclipse.persistence.sessions.server.ClientSession.executeCall(ClientSession.java:298)
	at org.eclipse.persistence.internal.queries.DatasourceCallQueryMechanism.executeCall(DatasourceCallQueryMechanism.java:242)
	at org.eclipse.persistence.internal.queries.DatasourceCallQueryMechanism.deleteAllUsingTempTables(DatasourceCallQueryMechanism.java:169)
	at org.eclipse.persistence.internal.queries.DatasourceCallQueryMechanism.deleteAll(DatasourceCallQueryMechanism.java:114)
	at org.eclipse.persistence.queries.DeleteAllQuery.executeDatabaseQuery(DeleteAllQuery.java:201)
	at org.eclipse.persistence.queries.DatabaseQuery.execute(DatabaseQuery.java:899)
	at org.eclipse.persistence.queries.DatabaseQuery.executeInUnitOfWork(DatabaseQuery.java:798)
	at org.eclipse.persistence.queries.ModifyAllQuery.executeInUnitOfWork(ModifyAllQuery.java:148)
	at org.eclipse.persistence.queries.DeleteAllQuery.executeInUnitOfWork(DeleteAllQuery.java:124)
	at org.eclipse.persistence.internal.sessions.UnitOfWorkImpl.internalExecuteQuery(UnitOfWorkImpl.java:2896)
	at org.eclipse.persistence.internal.sessions.AbstractSession.executeQuery(AbstractSession.java:1804)
	at org.eclipse.persistence.internal.sessions.AbstractSession.executeQuery(AbstractSession.java:1786)
	at org.eclipse.persistence.internal.sessions.AbstractSession.executeQuery(AbstractSession.java:1751)
	at org.eclipse.persistence.internal.jpa.QueryImpl.executeUpdate(QueryImpl.java:298)
	... 34 more
Caused by: com.mysql.jdbc.exceptions.jdbc4.MySQLIntegrityConstraintViolationException: Cannot delete or update a parent row: a foreign key constraint fails (`sistemapet`.`tb_cartao`, CONSTRAINT `FK_tb_cartao_fk_cliente` FOREIGN KEY (`fk_cliente`) REFERENCES `tb_usuario` (`id_usuario`))
	at sun.reflect.NativeConstructorAccessorImpl.newInstance0(Native Method)
	at sun.reflect.NativeConstructorAccessorImpl.newInstance(NativeConstructorAccessorImpl.java:62)
	at sun.reflect.DelegatingConstructorAccessorImpl.newInstance(DelegatingConstructorAccessorImpl.java:45)
	at java.lang.reflect.Constructor.newInstance(Constructor.java:422)
	at com.mysql.jdbc.Util.handleNewInstance(Util.java:377)
	at com.mysql.jdbc.Util.getInstance(Util.java:360)
	at com.mysql.jdbc.SQLError.createSQLException(SQLError.java:971)
	at com.mysql.jdbc.MysqlIO.checkErrorPacket(MysqlIO.java:3887)
	at com.mysql.jdbc.MysqlIO.checkErrorPacket(MysqlIO.java:3823)
	at com.mysql.jdbc.MysqlIO.sendCommand(MysqlIO.java:2435)
	at com.mysql.jdbc.MysqlIO.sqlQueryDirect(MysqlIO.java:2582)
	at com.mysql.jdbc.ConnectionImpl.execSQL(ConnectionImpl.java:2530)
	at com.mysql.jdbc.PreparedStatement.executeInternal(PreparedStatement.java:1907)
	at com.mysql.jdbc.PreparedStatement.executeUpdate(PreparedStatement.java:2141)
	at com.mysql.jdbc.PreparedStatement.executeUpdate(PreparedStatement.java:2077)
	at com.mysql.jdbc.PreparedStatement.executeUpdate(PreparedStatement.java:2062)
	at org.eclipse.persistence.internal.databaseaccess.DatabaseAccessor.executeDirectNoSelect(DatabaseAccessor.java:890)
	... 52 more
</error>
    <system-out>[EL Fine]: sql: 2017-06-17 10:32:47.89--ClientSession(53871235)--Connection(1051927339)--Thread(Thread[main,5,main])--CREATE TEMPORARY TABLE IF NOT EXISTS TL_tb_usuario (id_usuario BIGINT NOT NULL, disc_usuario VARCHAR(255), str_email VARCHAR(255), str_login VARCHAR(255), str_nome VARCHAR(255), str_senha VARCHAR(255), fk_endereco BIGINT, PRIMARY KEY (id_usuario))
[EL Fine]: sql: 2017-06-17 10:32:47.906--ClientSession(53871235)--Connection(1051927339)--Thread(Thread[main,5,main])--INSERT INTO TL_tb_usuario (id_usuario) SELECT id_usuario FROM tb_usuario WHERE (id_usuario = ?)
	bind =&gt; [1]
[EL Fine]: sql: 2017-06-17 10:32:47.928--ClientSession(53871235)--Connection(1051927339)--Thread(Thread[main,5,main])--DELETE FROM tb_Veterinario USING tb_Veterinario, TL_tb_usuario WHERE tb_Veterinario.id_veterinario = TL_tb_usuario.id_usuario
[EL Fine]: sql: 2017-06-17 10:32:47.952--ClientSession(53871235)--Connection(1051927339)--Thread(Thread[main,5,main])--DELETE FROM tb_funcionario USING tb_funcionario, TL_tb_usuario WHERE tb_funcionario.id_funcionario = TL_tb_usuario.id_usuario
[EL Fine]: sql: 2017-06-17 10:32:47.96--ClientSession(53871235)--Connection(1051927339)--Thread(Thread[main,5,main])--DELETE FROM tb_cliente USING tb_cliente, TL_tb_usuario WHERE tb_cliente.id_cliente = TL_tb_usuario.id_usuario
[EL Fine]: sql: 2017-06-17 10:32:47.973--ClientSession(53871235)--Connection(1051927339)--Thread(Thread[main,5,main])--DELETE FROM tb_usuario USING tb_usuario, TL_tb_usuario WHERE tb_usuario.id_usuario = TL_tb_usuario.id_usuario
[EL Fine]: sql: 2017-06-17 10:32:48.227--ClientSession(53871235)--Thread(Thread[main,5,main])--SELECT 1
[EL Fine]: sql: 2017-06-17 10:32:48.228--ClientSession(53871235)--Connection(1051927339)--Thread(Thread[main,5,main])--DELETE FROM TL_tb_usuario
[EL Warning]: 2017-06-17 10:32:48.23--UnitOfWork(1701378456)--Thread(Thread[main,5,main])--Exception [EclipseLink-4002] (Eclipse Persistence Services - 2.5.2.v20140319-9ad6abd): org.eclipse.persistence.exceptions.DatabaseException
Internal Exception: com.mysql.jdbc.exceptions.jdbc4.MySQLIntegrityConstraintViolationException: Cannot delete or update a parent row: a foreign key constraint fails (`sistemapet`.`tb_cartao`, CONSTRAINT `FK_tb_cartao_fk_cliente` FOREIGN KEY (`fk_cliente`) REFERENCES `tb_usuario` (`id_usuario`))
Error Code: 1451
Call: DELETE FROM tb_usuario USING tb_usuario, TL_tb_usuario WHERE tb_usuario.id_usuario = TL_tb_usuario.id_usuario
Query: DeleteAllQuery(referenceClass=Usuario sql=&quot;DELETE FROM TL_tb_usuario&quot;)
</system-out>
    <system-err>jun 17, 2017 10:32:47 AM sistema.testes.ClienteTest deletarClienteQueryTest
INFORMAÇÕES: deletarClienteQueryTest
jun 17, 2017 10:32:48 AM sistema.testes.ClienteTest tearDown
GRAVE: Transaction rolled back because transaction was set to RollbackOnly.
</system-err>
  </testcase>
  <testcase classname="sistema.testes.ClienteTest" name="selectSqlNativeNamedQueryTest" time="1.65">
    <error message="Exception [EclipseLink-4002] (Eclipse Persistence Services - 2.5.2.v20140319-9ad6abd): org.eclipse.persistence.exceptions.DatabaseException
Internal Exception: com.mysql.jdbc.exceptions.jdbc4.MySQLSyntaxErrorException: Unknown column &apos;id_usuario&apos; in &apos;field list&apos;
Error Code: 1054
Call: SELECT id_usuario, str_email, str_login, str_nome, str_senha, fk_endereco FROM sistemapet.tb_cliente where str_login like ? ;
	bind =&gt; [AllanSFreitas]
Query: ReadAllQuery(name=&quot;Cliente.PorLoginSQL&quot; referenceClass=Cliente sql=&quot;SELECT id_usuario, str_email, str_login, str_nome, str_senha, fk_endereco FROM sistemapet.tb_cliente where str_login like ? ;&quot;)" type="javax.persistence.PersistenceException">javax.persistence.PersistenceException: Exception [EclipseLink-4002] (Eclipse Persistence Services - 2.5.2.v20140319-9ad6abd): org.eclipse.persistence.exceptions.DatabaseException
Internal Exception: com.mysql.jdbc.exceptions.jdbc4.MySQLSyntaxErrorException: Unknown column &apos;id_usuario&apos; in &apos;field list&apos;
Error Code: 1054
Call: SELECT id_usuario, str_email, str_login, str_nome, str_senha, fk_endereco FROM sistemapet.tb_cliente where str_login like ? ;
	bind =&gt; [AllanSFreitas]
Query: ReadAllQuery(name=&quot;Cliente.PorLoginSQL&quot; referenceClass=Cliente sql=&quot;SELECT id_usuario, str_email, str_login, str_nome, str_senha, fk_endereco FROM sistemapet.tb_cliente where str_login like ? ;&quot;)
	at org.eclipse.persistence.internal.jpa.QueryImpl.getDetailedException(QueryImpl.java:378)
	at org.eclipse.persistence.internal.jpa.QueryImpl.executeReadQuery(QueryImpl.java:260)
	at org.eclipse.persistence.internal.jpa.QueryImpl.getResultList(QueryImpl.java:469)
	at sistema.testes.ClienteTest.selectSqlNativeNamedQueryTest(ClienteTest.java:218)
	at sun.reflect.NativeMethodAccessorImpl.invoke0(Native Method)
	at sun.reflect.NativeMethodAccessorImpl.invoke(NativeMethodAccessorImpl.java:62)
	at sun.reflect.DelegatingMethodAccessorImpl.invoke(DelegatingMethodAccessorImpl.java:43)
	at java.lang.reflect.Method.invoke(Method.java:497)
	at org.junit.runners.model.FrameworkMethod$1.runReflectiveCall(FrameworkMethod.java:47)
	at org.junit.internal.runners.model.ReflectiveCallable.run(ReflectiveCallable.java:12)
	at org.junit.runners.model.FrameworkMethod.invokeExplosively(FrameworkMethod.java:44)
	at org.junit.internal.runners.statements.InvokeMethod.evaluate(InvokeMethod.java:17)
	at org.junit.internal.runners.statements.RunBefores.evaluate(RunBefores.java:26)
	at org.junit.internal.runners.statements.RunAfters.evaluate(RunAfters.java:27)
	at org.junit.runners.ParentRunner.runLeaf(ParentRunner.java:271)
	at org.junit.runners.BlockJUnit4ClassRunner.runChild(BlockJUnit4ClassRunner.java:70)
	at org.junit.runners.BlockJUnit4ClassRunner.runChild(BlockJUnit4ClassRunner.java:50)
	at org.junit.runners.ParentRunner$3.run(ParentRunner.java:238)
	at org.junit.runners.ParentRunner$1.schedule(ParentRunner.java:63)
	at org.junit.runners.ParentRunner.runChildren(ParentRunner.java:236)
	at org.junit.runners.ParentRunner.access$000(ParentRunner.java:53)
	at org.junit.runners.ParentRunner$2.evaluate(ParentRunner.java:229)
	at org.junit.internal.runners.statements.RunBefores.evaluate(RunBefores.java:26)
	at org.junit.internal.runners.statements.RunAfters.evaluate(RunAfters.java:27)
	at org.junit.runners.ParentRunner.run(ParentRunner.java:309)
	at org.apache.maven.surefire.junit4.JUnit4TestSet.execute(JUnit4TestSet.java:53)
	at org.apache.maven.surefire.junit4.JUnit4Provider.executeTestSet(JUnit4Provider.java:123)
	at org.apache.maven.surefire.junit4.JUnit4Provider.invoke(JUnit4Provider.java:104)
	at sun.reflect.NativeMethodAccessorImpl.invoke0(Native Method)
	at sun.reflect.NativeMethodAccessorImpl.invoke(NativeMethodAccessorImpl.java:62)
	at sun.reflect.DelegatingMethodAccessorImpl.invoke(DelegatingMethodAccessorImpl.java:43)
	at java.lang.reflect.Method.invoke(Method.java:497)
	at org.apache.maven.surefire.util.ReflectionUtils.invokeMethodWithArray(ReflectionUtils.java:164)
	at org.apache.maven.surefire.booter.ProviderFactory$ProviderProxy.invoke(ProviderFactory.java:110)
	at org.apache.maven.surefire.booter.SurefireStarter.invokeProvider(SurefireStarter.java:175)
	at org.apache.maven.surefire.booter.SurefireStarter.runSuitesInProcessWhenForked(SurefireStarter.java:107)
	at org.apache.maven.surefire.booter.ForkedBooter.main(ForkedBooter.java:68)
Caused by: Exception [EclipseLink-4002] (Eclipse Persistence Services - 2.5.2.v20140319-9ad6abd): org.eclipse.persistence.exceptions.DatabaseException
Internal Exception: com.mysql.jdbc.exceptions.jdbc4.MySQLSyntaxErrorException: Unknown column &apos;id_usuario&apos; in &apos;field list&apos;
Error Code: 1054
Call: SELECT id_usuario, str_email, str_login, str_nome, str_senha, fk_endereco FROM sistemapet.tb_cliente where str_login like ? ;
	bind =&gt; [AllanSFreitas]
Query: ReadAllQuery(name=&quot;Cliente.PorLoginSQL&quot; referenceClass=Cliente sql=&quot;SELECT id_usuario, str_email, str_login, str_nome, str_senha, fk_endereco FROM sistemapet.tb_cliente where str_login like ? ;&quot;)
	at org.eclipse.persistence.exceptions.DatabaseException.sqlException(DatabaseException.java:340)
	at org.eclipse.persistence.internal.databaseaccess.DatabaseAccessor.basicExecuteCall(DatabaseAccessor.java:682)
	at org.eclipse.persistence.internal.databaseaccess.DatabaseAccessor.executeCall(DatabaseAccessor.java:558)
	at org.eclipse.persistence.internal.sessions.AbstractSession.basicExecuteCall(AbstractSession.java:2002)
	at org.eclipse.persistence.sessions.server.ClientSession.executeCall(ClientSession.java:298)
	at org.eclipse.persistence.internal.queries.DatasourceCallQueryMechanism.executeCall(DatasourceCallQueryMechanism.java:242)
	at org.eclipse.persistence.internal.queries.DatasourceCallQueryMechanism.executeCall(DatasourceCallQueryMechanism.java:228)
	at org.eclipse.persistence.internal.queries.DatasourceCallQueryMechanism.executeSelectCall(DatasourceCallQueryMechanism.java:299)
	at org.eclipse.persistence.internal.queries.DatasourceCallQueryMechanism.selectAllRows(DatasourceCallQueryMechanism.java:694)
	at org.eclipse.persistence.queries.ReadAllQuery.executeObjectLevelReadQuery(ReadAllQuery.java:495)
	at org.eclipse.persistence.queries.ObjectLevelReadQuery.executeDatabaseQuery(ObjectLevelReadQuery.java:1168)
	at org.eclipse.persistence.queries.DatabaseQuery.execute(DatabaseQuery.java:899)
	at org.eclipse.persistence.queries.ObjectLevelReadQuery.execute(ObjectLevelReadQuery.java:1127)
	at org.eclipse.persistence.queries.ReadAllQuery.execute(ReadAllQuery.java:403)
	at org.eclipse.persistence.queries.ObjectLevelReadQuery.executeInUnitOfWork(ObjectLevelReadQuery.java:1215)
	at org.eclipse.persistence.internal.sessions.UnitOfWorkImpl.internalExecuteQuery(UnitOfWorkImpl.java:2896)
	at org.eclipse.persistence.internal.sessions.AbstractSession.executeQuery(AbstractSession.java:1804)
	at org.eclipse.persistence.internal.sessions.AbstractSession.executeQuery(AbstractSession.java:1786)
	at org.eclipse.persistence.internal.sessions.AbstractSession.executeQuery(AbstractSession.java:1751)
	at org.eclipse.persistence.internal.jpa.QueryImpl.executeReadQuery(QueryImpl.java:258)
	... 35 more
Caused by: com.mysql.jdbc.exceptions.jdbc4.MySQLSyntaxErrorException: Unknown column &apos;id_usuario&apos; in &apos;field list&apos;
	at sun.reflect.NativeConstructorAccessorImpl.newInstance0(Native Method)
	at sun.reflect.NativeConstructorAccessorImpl.newInstance(NativeConstructorAccessorImpl.java:62)
	at sun.reflect.DelegatingConstructorAccessorImpl.newInstance(DelegatingConstructorAccessorImpl.java:45)
	at java.lang.reflect.Constructor.newInstance(Constructor.java:422)
	at com.mysql.jdbc.Util.handleNewInstance(Util.java:377)
	at com.mysql.jdbc.Util.getInstance(Util.java:360)
	at com.mysql.jdbc.SQLError.createSQLException(SQLError.java:978)
	at com.mysql.jdbc.MysqlIO.checkErrorPacket(MysqlIO.java:3887)
	at com.mysql.jdbc.MysqlIO.checkErrorPacket(MysqlIO.java:3823)
	at com.mysql.jdbc.MysqlIO.sendCommand(MysqlIO.java:2435)
	at com.mysql.jdbc.MysqlIO.sqlQueryDirect(MysqlIO.java:2582)
	at com.mysql.jdbc.ConnectionImpl.execSQL(ConnectionImpl.java:2530)
	at com.mysql.jdbc.PreparedStatement.executeInternal(PreparedStatement.java:1907)
	at com.mysql.jdbc.PreparedStatement.executeQuery(PreparedStatement.java:2030)
	at org.eclipse.persistence.internal.databaseaccess.DatabaseAccessor.executeSelect(DatabaseAccessor.java:1007)
	at org.eclipse.persistence.internal.databaseaccess.DatabaseAccessor.basicExecuteCall(DatabaseAccessor.java:642)
	... 53 more
</error>
    <system-out>[EL Fine]: sql: 2017-06-17 10:32:49.923--ClientSession(783402517)--Connection(1051927339)--Thread(Thread[main,5,main])--SELECT id_usuario, str_email, str_login, str_nome, str_senha, fk_endereco FROM sistemapet.tb_cliente where str_login like ? ;
	bind =&gt; [AllanSFreitas]
[EL Fine]: sql: 2017-06-17 10:32:49.925--ClientSession(783402517)--Thread(Thread[main,5,main])--SELECT 1
[EL Warning]: 2017-06-17 10:32:49.927--UnitOfWork(1318538142)--Thread(Thread[main,5,main])--Exception [EclipseLink-4002] (Eclipse Persistence Services - 2.5.2.v20140319-9ad6abd): org.eclipse.persistence.exceptions.DatabaseException
Internal Exception: com.mysql.jdbc.exceptions.jdbc4.MySQLSyntaxErrorException: Unknown column &apos;id_usuario&apos; in &apos;field list&apos;
Error Code: 1054
Call: SELECT id_usuario, str_email, str_login, str_nome, str_senha, fk_endereco FROM sistemapet.tb_cliente where str_login like ? ;
	bind =&gt; [AllanSFreitas]
Query: ReadAllQuery(name=&quot;Cliente.PorLoginSQL&quot; referenceClass=Cliente sql=&quot;SELECT id_usuario, str_email, str_login, str_nome, str_senha, fk_endereco FROM sistemapet.tb_cliente where str_login like ? ;&quot;)
</system-out>
    <system-err>jun 17, 2017 10:32:49 AM sistema.testes.ClienteTest tearDown
GRAVE: Transaction rolled back because transaction was set to RollbackOnly.
</system-err>
  </testcase>
  <testcase classname="sistema.testes.ClienteTest" name="deletarClienteEmTest" time="1.889"/>
</testsuite>